<?xml version="1.0" encoding="UTF-8" standalone="yes"?>
<!DOCTYPE report PUBLIC "-//JACOCO//DTD Report 1.0//EN" "report.dtd">
    <report name="report">
        <sessioninfo id="_70E0O6O9I" start="1728040574705" dump="1728040606000"/>         
        <package name="PDFIUM-VFP/SOURCE/PDFIUM-VFP.VCX">             
            <class name="pdfiumviewer_cmdfocus">                     
                <method name="THIS_ACCESS" desc="">
                    <counter type="METHOD" missed="1" covered="0"/>
                </method>                 
                <counter type="METHOD" missed="1" covered="0"/>
                </class>
                             
            <class name="pdfium_pdfmeta">                     
                <counter type="METHOD" missed="0" covered="0"/>
                </class>
                             
            <class name="pdfium_api_fpdf_const">                     
                <method name="FPDF_ERR_PASSWORD" desc="">
                    <counter type="METHOD" missed="1" covered="0"/>
                </method>                 
                <method name="FPDF_PRINTING" desc="">
                    <counter type="METHOD" missed="1" covered="0"/>
                </method>                 
                <counter type="METHOD" missed="2" covered="0"/>
                </class>
                             
            <class name="pdfium_api_hpdf">                     
                <method name="HPDF_ADDPAGE" desc="">
                    <counter type="METHOD" missed="0" covered="1"/>
                </method>                 
                <method name="HPDF_CREATEEXTGSTATE" desc="">
                    <counter type="METHOD" missed="0" covered="1"/>
                </method>                 
                <method name="HPDF_EXTGSTATE_SETALPHAFILL" desc="">
                    <counter type="METHOD" missed="0" covered="1"/>
                </method>                 
                <method name="HPDF_EXTGSTATE_SETALPHASTROKE" desc="">
                    <counter type="METHOD" missed="0" covered="1"/>
                </method>                 
                <method name="HPDF_FREE" desc="">
                    <counter type="METHOD" missed="0" covered="1"/>
                </method>                 
                <method name="HPDF_GETERROR" desc="">
                    <counter type="METHOD" missed="1" covered="0"/>
                </method>                 
                <method name="HPDF_GETFONT" desc="">
                    <counter type="METHOD" missed="0" covered="1"/>
                </method>                 
                <method name="HPDF_LOADPNGIMAGEFROMFILE" desc="">
                    <counter type="METHOD" missed="0" covered="1"/>
                </method>                 
                <method name="HPDF_LOADTTFONTFROMFILE" desc="">
                    <counter type="METHOD" missed="0" covered="1"/>
                </method>                 
                <method name="HPDF_NEW" desc="">
                    <counter type="METHOD" missed="0" covered="1"/>
                </method>                 
                <method name="HPDF_PAGE_BEGINTEXT" desc="">
                    <counter type="METHOD" missed="0" covered="1"/>
                </method>                 
                <method name="HPDF_PAGE_CLOSEPATH" desc="">
                    <counter type="METHOD" missed="1" covered="0"/>
                </method>                 
                <method name="HPDF_PAGE_CLOSEPATHSTROKE" desc="">
                    <counter type="METHOD" missed="1" covered="0"/>
                </method>                 
                <method name="HPDF_PAGE_CONCAT" desc="">
                    <counter type="METHOD" missed="0" covered="1"/>
                </method>                 
                <method name="HPDF_PAGE_CURVETO" desc="">
                    <counter type="METHOD" missed="0" covered="1"/>
                </method>                 
                <method name="HPDF_PAGE_DRAWIMAGE" desc="">
                    <counter type="METHOD" missed="1" covered="0"/>
                </method>                 
                <method name="HPDF_PAGE_ELLIPSE" desc="">
                    <counter type="METHOD" missed="0" covered="1"/>
                </method>                 
                <method name="HPDF_PAGE_ENDPATH" desc="">
                    <counter type="METHOD" missed="1" covered="0"/>
                </method>                 
                <method name="HPDF_PAGE_ENDTEXT" desc="">
                    <counter type="METHOD" missed="0" covered="1"/>
                </method>                 
                <method name="HPDF_PAGE_EXECUTEXOBJECT" desc="">
                    <counter type="METHOD" missed="0" covered="1"/>
                </method>                 
                <method name="HPDF_PAGE_FILL" desc="">
                    <counter type="METHOD" missed="0" covered="1"/>
                </method>                 
                <method name="HPDF_PAGE_FILLSTROKE" desc="">
                    <counter type="METHOD" missed="0" covered="1"/>
                </method>                 
                <method name="HPDF_PAGE_GRESTORE" desc="">
                    <counter type="METHOD" missed="0" covered="1"/>
                </method>                 
                <method name="HPDF_PAGE_GSAVE" desc="">
                    <counter type="METHOD" missed="0" covered="1"/>
                </method>                 
                <method name="HPDF_PAGE_LINETO" desc="">
                    <counter type="METHOD" missed="0" covered="1"/>
                </method>                 
                <method name="HPDF_PAGE_MOVETO" desc="">
                    <counter type="METHOD" missed="0" covered="1"/>
                </method>                 
                <method name="HPDF_PAGE_RECTANGLE" desc="">
                    <counter type="METHOD" missed="0" covered="1"/>
                </method>                 
                <method name="HPDF_PAGE_SETDASH" desc="">
                    <counter type="METHOD" missed="0" covered="1"/>
                </method>                 
                <method name="HPDF_PAGE_SETEXTGSTATE" desc="">
                    <counter type="METHOD" missed="0" covered="1"/>
                </method>                 
                <method name="HPDF_PAGE_SETFONTANDSIZE" desc="">
                    <counter type="METHOD" missed="0" covered="1"/>
                </method>                 
                <method name="HPDF_PAGE_SETHEIGHT" desc="">
                    <counter type="METHOD" missed="0" covered="1"/>
                </method>                 
                <method name="HPDF_PAGE_SETLINEWIDTH" desc="">
                    <counter type="METHOD" missed="0" covered="1"/>
                </method>                 
                <method name="HPDF_PAGE_SETRGBFILL" desc="">
                    <counter type="METHOD" missed="0" covered="1"/>
                </method>                 
                <method name="HPDF_PAGE_SETRGBSTROKE" desc="">
                    <counter type="METHOD" missed="0" covered="1"/>
                </method>                 
                <method name="HPDF_PAGE_SETTEXTLEADING" desc="">
                    <counter type="METHOD" missed="0" covered="1"/>
                </method>                 
                <method name="HPDF_PAGE_SETTEXTMATRIX" desc="">
                    <counter type="METHOD" missed="0" covered="1"/>
                </method>                 
                <method name="HPDF_PAGE_SETTEXTRENDERINGMODE" desc="">
                    <counter type="METHOD" missed="0" covered="1"/>
                </method>                 
                <method name="HPDF_PAGE_SETWIDTH" desc="">
                    <counter type="METHOD" missed="0" covered="1"/>
                </method>                 
                <method name="HPDF_PAGE_STROKE" desc="">
                    <counter type="METHOD" missed="0" covered="1"/>
                </method>                 
                <method name="HPDF_PAGE_TEXTRECT" desc="">
                    <counter type="METHOD" missed="0" covered="1"/>
                </method>                 
                <method name="HPDF_RESETERROR" desc="">
                    <counter type="METHOD" missed="0" covered="1"/>
                </method>                 
                <method name="HPDF_SAVETOFILE" desc="">
                    <counter type="METHOD" missed="0" covered="1"/>
                </method>                 
                <method name="HPDF_SETCOMPRESSIONMODE" desc="">
                    <counter type="METHOD" missed="0" covered="1"/>
                </method>                 
                <method name="HPDF_SETCURRENTENCODER" desc="">
                    <counter type="METHOD" missed="0" covered="1"/>
                </method>                 
                <method name="HPDF_SETENCRYPTIONMODE" desc="">
                    <counter type="METHOD" missed="1" covered="0"/>
                </method>                 
                <method name="HPDF_SETINFOATTR" desc="">
                    <counter type="METHOD" missed="0" covered="1"/>
                </method>                 
                <method name="HPDF_SETPAGEMODE" desc="">
                    <counter type="METHOD" missed="0" covered="1"/>
                </method>                 
                <method name="HPDF_SETPASSWORD" desc="">
                    <counter type="METHOD" missed="1" covered="0"/>
                </method>                 
                <method name="HPDF_SETPERMISSION" desc="">
                    <counter type="METHOD" missed="1" covered="0"/>
                </method>                 
                <method name="HPDF_USEUTFENCODINGS" desc="">
                    <counter type="METHOD" missed="0" covered="1"/>
                </method>                 
                <counter type="METHOD" missed="8" covered="42"/>
                </class>
                             
            <class name="pdfium_api_hpdf_const">                     
                <method name="CP" desc="">
                    <counter type="METHOD" missed="1" covered="0"/>
                </method>                 
                <method name="HPDF_COMP_ALL" desc="">
                    <counter type="METHOD" missed="0" covered="1"/>
                </method>                 
                <method name="HPDF_ENABLE_COPY" desc="">
                    <counter type="METHOD" missed="1" covered="0"/>
                </method>                 
                <method name="HPDF_ENABLE_EDIT" desc="">
                    <counter type="METHOD" missed="1" covered="0"/>
                </method>                 
                <method name="HPDF_ENABLE_EDIT_ALL" desc="">
                    <counter type="METHOD" missed="1" covered="0"/>
                </method>                 
                <method name="HPDF_ENABLE_PRINT" desc="">
                    <counter type="METHOD" missed="1" covered="0"/>
                </method>                 
                <method name="HPDF_ENABLE_READ" desc="">
                    <counter type="METHOD" missed="1" covered="0"/>
                </method>                 
                <method name="HPDF_ENCRYPT_R2" desc="">
                    <counter type="METHOD" missed="1" covered="0"/>
                </method>                 
                <method name="HPDF_ENCRYPT_R3" desc="">
                    <counter type="METHOD" missed="1" covered="0"/>
                </method>                 
                <method name="HPDF_FILL" desc="">
                    <counter type="METHOD" missed="0" covered="1"/>
                </method>                 
                <method name="HPDF_FILL_THEN_STROKE" desc="">
                    <counter type="METHOD" missed="1" covered="0"/>
                </method>                 
                <method name="HPDF_INFO_AUTHOR" desc="">
                    <counter type="METHOD" missed="0" covered="1"/>
                </method>                 
                <method name="HPDF_INFO_CREATION_DATE" desc="">
                    <counter type="METHOD" missed="1" covered="0"/>
                </method>                 
                <method name="HPDF_INFO_CREATOR" desc="">
                    <counter type="METHOD" missed="0" covered="1"/>
                </method>                 
                <method name="HPDF_INFO_EOF" desc="">
                    <counter type="METHOD" missed="1" covered="0"/>
                </method>                 
                <method name="HPDF_INFO_GTS_PDFX" desc="">
                    <counter type="METHOD" missed="1" covered="0"/>
                </method>                 
                <method name="HPDF_INFO_KEYWORDS" desc="">
                    <counter type="METHOD" missed="0" covered="1"/>
                </method>                 
                <method name="HPDF_INFO_MOD_DATE" desc="">
                    <counter type="METHOD" missed="1" covered="0"/>
                </method>                 
                <method name="HPDF_INFO_PRODUCER" desc="">
                    <counter type="METHOD" missed="0" covered="1"/>
                </method>                 
                <method name="HPDF_INFO_SUBJECT" desc="">
                    <counter type="METHOD" missed="0" covered="1"/>
                </method>                 
                <method name="HPDF_INFO_TITLE" desc="">
                    <counter type="METHOD" missed="0" covered="1"/>
                </method>                 
                <method name="HPDF_INFO_TRAPPED" desc="">
                    <counter type="METHOD" missed="1" covered="0"/>
                </method>                 
                <method name="HPDF_PAGE_MODE_USE_NONE" desc="">
                    <counter type="METHOD" missed="0" covered="1"/>
                </method>                 
                <method name="HPDF_PAGE_MODE_USE_OUTLINE" desc="">
                    <counter type="METHOD" missed="1" covered="0"/>
                </method>                 
                <method name="HPDF_STROKE" desc="">
                    <counter type="METHOD" missed="1" covered="0"/>
                </method>                 
                <method name="HPDF_TALIGN_CENTER" desc="">
                    <counter type="METHOD" missed="0" covered="1"/>
                </method>                 
                <method name="HPDF_TALIGN_JUSTIFY" desc="">
                    <counter type="METHOD" missed="1" covered="0"/>
                </method>                 
                <method name="HPDF_TALIGN_LEFT" desc="">
                    <counter type="METHOD" missed="0" covered="1"/>
                </method>                 
                <method name="HPDF_TALIGN_RIGHT" desc="">
                    <counter type="METHOD" missed="0" covered="1"/>
                </method>                 
                <method name="UTF8" desc="">
                    <counter type="METHOD" missed="0" covered="1"/>
                </method>                 
                <counter type="METHOD" missed="17" covered="13"/>
                </class>
                             
            <class name="pdfium_api_win">                     
                <method name="BEGINPAINT" desc="">
                    <counter type="METHOD" missed="0" covered="1"/>
                </method>                 
                <method name="BITBLT" desc="">
                    <counter type="METHOD" missed="0" covered="1"/>
                </method>                 
                <method name="CALLWINDOWPROC" desc="">
                    <counter type="METHOD" missed="1" covered="0"/>
                </method>                 
                <method name="CLOSECLIPBOARD" desc="">
                    <counter type="METHOD" missed="0" covered="1"/>
                </method>                 
                <method name="CLOSEPRINTER" desc="">
                    <counter type="METHOD" missed="1" covered="0"/>
                </method>                 
                <method name="CREATECOMPATIBLEDC" desc="">
                    <counter type="METHOD" missed="0" covered="1"/>
                </method>                 
                <method name="CREATEDC" desc="">
                    <counter type="METHOD" missed="0" covered="1"/>
                </method>                 
                <method name="CREATEDIBSECTION" desc="">
                    <counter type="METHOD" missed="0" covered="1"/>
                </method>                 
                <method name="CREATEWINDOWEX" desc="">
                    <counter type="METHOD" missed="0" covered="1"/>
                </method>                 
                <method name="DELETEDC" desc="">
                    <counter type="METHOD" missed="0" covered="1"/>
                </method>                 
                <method name="DELETEOBJECT" desc="">
                    <counter type="METHOD" missed="0" covered="1"/>
                </method>                 
                <method name="DESTROYWINDOW" desc="">
                    <counter type="METHOD" missed="0" covered="1"/>
                </method>                 
                <method name="DEVICECAPABILITIES" desc="">
                    <counter type="METHOD" missed="1" covered="0"/>
                </method>                 
                <method name="DOCUMENTPROPERTIES" desc="">
                    <counter type="METHOD" missed="1" covered="0"/>
                </method>                 
                <method name="EMPTYCLIPBOARD" desc="">
                    <counter type="METHOD" missed="0" covered="1"/>
                </method>                 
                <method name="ENDDOC" desc="">
                    <counter type="METHOD" missed="1" covered="0"/>
                </method>                 
                <method name="ENDPAGE" desc="">
                    <counter type="METHOD" missed="1" covered="0"/>
                </method>                 
                <method name="ENDPAINT" desc="">
                    <counter type="METHOD" missed="0" covered="1"/>
                </method>                 
                <method name="ENUMFORMS" desc="">
                    <counter type="METHOD" missed="1" covered="0"/>
                </method>                 
                <method name="FINDNLSSTRING" desc="">
                    <counter type="METHOD" missed="1" covered="0"/>
                </method>                 
                <method name="GDIPDRAWSTRING" desc="">
                    <counter type="METHOD" missed="0" covered="1"/>
                </method>                 
                <method name="GDIPMEASURESTRING" desc="">
                    <counter type="METHOD" missed="0" covered="1"/>
                </method>                 
                <method name="GETCLASSINFOEX" desc="">
                    <counter type="METHOD" missed="0" covered="1"/>
                </method>                 
                <method name="GETCLIPBOARDDATA" desc="">
                    <counter type="METHOD" missed="1" covered="0"/>
                </method>                 
                <method name="GETDC" desc="">
                    <counter type="METHOD" missed="0" covered="1"/>
                </method>                 
                <method name="GETDEFAULTPRINTER" desc="">
                    <counter type="METHOD" missed="1" covered="0"/>
                </method>                 
                <method name="GETDEVICECAPS" desc="">
                    <counter type="METHOD" missed="0" covered="1"/>
                </method>                 
                <method name="GETKEYSTATE" desc="">
                    <counter type="METHOD" missed="1" covered="0"/>
                </method>                 
                <method name="GETMODULEHANDLE" desc="">
                    <counter type="METHOD" missed="0" covered="1"/>
                </method>                 
                <method name="GETOPENCLIPBOARDWINDOW" desc="">
                    <counter type="METHOD" missed="1" covered="0"/>
                </method>                 
                <method name="GETSCROLLINFO" desc="">
                    <counter type="METHOD" missed="1" covered="0"/>
                </method>                 
                <method name="GETSYSTEMDEFAULTLCID" desc="">
                    <counter type="METHOD" missed="0" covered="1"/>
                </method>                 
                <method name="GETTICKCOUNT" desc="">
                    <counter type="METHOD" missed="1" covered="0"/>
                </method>                 
                <method name="GETWINDOW" desc="">
                    <counter type="METHOD" missed="0" covered="1"/>
                </method>                 
                <method name="GETWINDOWLONG" desc="">
                    <counter type="METHOD" missed="0" covered="1"/>
                </method>                 
                <method name="GLOBALALLOC" desc="">
                    <counter type="METHOD" missed="0" covered="1"/>
                </method>                 
                <method name="GLOBALFREE" desc="">
                    <counter type="METHOD" missed="0" covered="1"/>
                </method>                 
                <method name="GLOBALLOCK" desc="">
                    <counter type="METHOD" missed="0" covered="1"/>
                </method>                 
                <method name="GLOBALUNLOCK" desc="">
                    <counter type="METHOD" missed="0" covered="1"/>
                </method>                 
                <method name="HEAPALLOC" desc="">
                    <counter type="METHOD" missed="1" covered="0"/>
                </method>                 
                <method name="HEAPCREATE" desc="">
                    <counter type="METHOD" missed="1" covered="0"/>
                </method>                 
                <method name="HEAPDESTROY" desc="">
                    <counter type="METHOD" missed="1" covered="0"/>
                </method>                 
                <method name="HEAPFREE" desc="">
                    <counter type="METHOD" missed="1" covered="0"/>
                </method>                 
                <method name="INVALIDATERECT" desc="">
                    <counter type="METHOD" missed="0" covered="1"/>
                </method>                 
                <method name="ISCLIPBOARDFORMATAVAILABLE" desc="">
                    <counter type="METHOD" missed="1" covered="0"/>
                </method>                 
                <method name="MOVEWINDOW" desc="">
                    <counter type="METHOD" missed="0" covered="1"/>
                </method>                 
                <method name="OPENCLIPBOARD" desc="">
                    <counter type="METHOD" missed="0" covered="1"/>
                </method>                 
                <method name="OPENPRINTER" desc="">
                    <counter type="METHOD" missed="1" covered="0"/>
                </method>                 
                <method name="REGISTERCLASSEX" desc="">
                    <counter type="METHOD" missed="0" covered="1"/>
                </method>                 
                <method name="RELEASEDC" desc="">
                    <counter type="METHOD" missed="0" covered="1"/>
                </method>                 
                <method name="SELECTOBJECT" desc="">
                    <counter type="METHOD" missed="0" covered="1"/>
                </method>                 
                <method name="SETCLIPBOARDDATA" desc="">
                    <counter type="METHOD" missed="0" covered="1"/>
                </method>                 
                <method name="SETDEFAULTPRINTER" desc="">
                    <counter type="METHOD" missed="1" covered="0"/>
                </method>                 
                <method name="SETSCROLLINFO" desc="">
                    <counter type="METHOD" missed="0" covered="1"/>
                </method>                 
                <method name="SHOWWINDOW" desc="">
                    <counter type="METHOD" missed="0" covered="1"/>
                </method>                 
                <method name="STARTDOC" desc="">
                    <counter type="METHOD" missed="1" covered="0"/>
                </method>                 
                <method name="STARTPAGE" desc="">
                    <counter type="METHOD" missed="1" covered="0"/>
                </method>                 
                <counter type="METHOD" missed="23" covered="34"/>
                </class>
                             
            <class name="pdfium_password_input">                     
                <counter type="METHOD" missed="0" covered="0"/>
                </class>
                             
            <class name="pdfium_textbox">                     
                <method name="CONTEXTMENU" desc="">
                    <counter type="METHOD" missed="1" covered="0"/>
                </method>                 
                <method name="SELECTALL" desc="">
                    <counter type="METHOD" missed="1" covered="0"/>
                </method>                 
                <counter type="METHOD" missed="2" covered="0"/>
                </class>
                             
            <class name="pdfiumreportviewer">                     
                <method name="CLOSE" desc="">
                    <counter type="METHOD" missed="1" covered="0"/>
                </method>                 
                <method name="OPENPDF" desc="">
                    <counter type="METHOD" missed="1" covered="0"/>
                </method>                 
                <method name="PRINTREPORT" desc="">
                    <counter type="METHOD" missed="1" covered="0"/>
                </method>                 
                <method name="SCALECHANGED" desc="">
                    <counter type="METHOD" missed="1" covered="0"/>
                </method>                 
                <method name="SETREPORT" desc="">
                    <counter type="METHOD" missed="1" covered="0"/>
                </method>                 
                <counter type="METHOD" missed="5" covered="0"/>
                </class>
                             
            <class name="pdfium_print_settings">                     
                <method name="CANCEL" desc="">
                    <counter type="METHOD" missed="1" covered="0"/>
                </method>                 
                <method name="PAPERSIZEREQUERY" desc="">
                    <counter type="METHOD" missed="1" covered="0"/>
                </method>                 
                <method name="SETUP" desc="">
                    <counter type="METHOD" missed="1" covered="0"/>
                </method>                 
                <counter type="METHOD" missed="3" covered="0"/>
                </class>
                             
            <class name="pdfium_printer_selection">                     
                <method name="CANCEL" desc="">
                    <counter type="METHOD" missed="1" covered="0"/>
                </method>                 
                <method name="SETUP" desc="">
                    <counter type="METHOD" missed="1" covered="0"/>
                </method>                 
                <counter type="METHOD" missed="2" covered="0"/>
                </class>
                             
            <class name="pdfium_print_env">                     
                <method name="FOXDEFAULTPRINTER_GET" desc="">
                    <counter type="METHOD" missed="0" covered="1"/>
                </method>                 
                <method name="FOXDEFAULTPRINTER_RESTORE" desc="">
                    <counter type="METHOD" missed="1" covered="0"/>
                </method>                 
                <method name="FOXDEFAULTPRINTER_SET" desc="">
                    <counter type="METHOD" missed="1" covered="0"/>
                </method>                 
                <method name="GETPRINTERDEVMODE" desc="">
                    <counter type="METHOD" missed="1" covered="0"/>
                </method>                 
                <method name="GETPRINTERDUPLEX" desc="">
                    <counter type="METHOD" missed="1" covered="0"/>
                </method>                 
                <method name="GETPRINTERFORMS" desc="">
                    <counter type="METHOD" missed="1" covered="0"/>
                </method>                 
                <method name="GETPRINTERTITLE" desc="">
                    <counter type="METHOD" missed="0" covered="1"/>
                </method>                 
                <method name="PAGELIST_PARSE" desc="">
                    <counter type="METHOD" missed="1" covered="0"/>
                </method>                 
                <method name="SETUP" desc="">
                    <counter type="METHOD" missed="0" covered="1"/>
                </method>                 
                <method name="SETUPDEFAULT" desc="">
                    <counter type="METHOD" missed="1" covered="0"/>
                </method>                 
                <method name="STATELEN" desc="">
                    <counter type="METHOD" missed="1" covered="0"/>
                </method>                 
                <method name="STATEPOP" desc="">
                    <counter type="METHOD" missed="1" covered="0"/>
                </method>                 
                <method name="STATEPUSH" desc="">
                    <counter type="METHOD" missed="1" covered="0"/>
                </method>                 
                <method name="SYSDEFAULTPRINTER_GET" desc="">
                    <counter type="METHOD" missed="1" covered="0"/>
                </method>                 
                <method name="SYSDEFAULTPRINTER_RESTORE" desc="">
                    <counter type="METHOD" missed="1" covered="0"/>
                </method>                 
                <method name="SYSDEFAULTPRINTER_SET" desc="">
                    <counter type="METHOD" missed="1" covered="0"/>
                </method>                 
                <counter type="METHOD" missed="13" covered="3"/>
                </class>
                             
            <class name="pdfium_api_fpdf">                     
                <method name="FPDFTEXT_CLOSEPAGE" desc="">
                    <counter type="METHOD" missed="0" covered="1"/>
                </method>                 
                <method name="FPDFTEXT_COUNTCHARS" desc="">
                    <counter type="METHOD" missed="0" covered="1"/>
                </method>                 
                <method name="FPDFTEXT_COUNTRECTS" desc="">
                    <counter type="METHOD" missed="0" covered="1"/>
                </method>                 
                <method name="FPDFTEXT_GETCHARINDEXATPOS" desc="">
                    <counter type="METHOD" missed="1" covered="0"/>
                </method>                 
                <method name="FPDFTEXT_GETRECT" desc="">
                    <counter type="METHOD" missed="0" covered="1"/>
                </method>                 
                <method name="FPDFTEXT_GETTEXT" desc="">
                    <counter type="METHOD" missed="0" covered="1"/>
                </method>                 
                <method name="FPDFTEXT_GETUNICODE" desc="">
                    <counter type="METHOD" missed="1" covered="0"/>
                </method>                 
                <method name="FPDFTEXT_LOADPAGE" desc="">
                    <counter type="METHOD" missed="0" covered="1"/>
                </method>                 
                <method name="FPDF_CLOSEDOCUMENT" desc="">
                    <counter type="METHOD" missed="0" covered="1"/>
                </method>                 
                <method name="FPDF_CLOSEPAGE" desc="">
                    <counter type="METHOD" missed="0" covered="1"/>
                </method>                 
                <method name="FPDF_DESTROYLIBRARY" desc="">
                    <counter type="METHOD" missed="0" covered="1"/>
                </method>                 
                <method name="FPDF_DEVICETOPAGE" desc="">
                    <counter type="METHOD" missed="1" covered="0"/>
                </method>                 
                <method name="FPDF_GETLASTERROR" desc="">
                    <counter type="METHOD" missed="0" covered="1"/>
                </method>                 
                <method name="FPDF_GETPAGECOUNT" desc="">
                    <counter type="METHOD" missed="0" covered="1"/>
                </method>                 
                <method name="FPDF_GETPAGEHEIGHT" desc="">
                    <counter type="METHOD" missed="0" covered="1"/>
                </method>                 
                <method name="FPDF_GETPAGESIZEBYINDEX" desc="">
                    <counter type="METHOD" missed="1" covered="0"/>
                </method>                 
                <method name="FPDF_GETPAGEWIDTH" desc="">
                    <counter type="METHOD" missed="0" covered="1"/>
                </method>                 
                <method name="FPDF_INITLIBRARYWITHCONFIG" desc="">
                    <counter type="METHOD" missed="0" covered="1"/>
                </method>                 
                <method name="FPDF_LOADDOCUMENT" desc="">
                    <counter type="METHOD" missed="0" covered="1"/>
                </method>                 
                <method name="FPDF_LOADMEMDOCUMENT" desc="">
                    <counter type="METHOD" missed="0" covered="1"/>
                </method>                 
                <method name="FPDF_LOADPAGE" desc="">
                    <counter type="METHOD" missed="0" covered="1"/>
                </method>                 
                <method name="FPDF_PAGETODEVICE" desc="">
                    <counter type="METHOD" missed="0" covered="1"/>
                </method>                 
                <method name="FPDF_RENDERPAGE" desc="">
                    <counter type="METHOD" missed="0" covered="1"/>
                </method>                 
                <method name="VFPDF_GETFONTFILENAME" desc="">
                    <counter type="METHOD" missed="0" covered="1"/>
                </method>                 
                <method name="VFPDF_SAVEDOCUMENT" desc="">
                    <counter type="METHOD" missed="1" covered="0"/>
                </method>                 
                <counter type="METHOD" missed="5" covered="20"/>
                </class>
                             
            <class name="pdfium_env">                     
                <method name="ERRMSG" desc="">
                    <counter type="METHOD" missed="1" covered="0"/>
                </method>                 
                <method name="FOXENV_RESTORE" desc="">
                    <counter type="METHOD" missed="0" covered="1"/>
                </method>                 
                <method name="FOXENV_SET" desc="">
                    <counter type="METHOD" missed="0" covered="1"/>
                </method>                 
                <method name="GETAPPNAME" desc="">
                    <counter type="METHOD" missed="1" covered="0"/>
                </method>                 
                <method name="GETPDFDPI" desc="">
                    <counter type="METHOD" missed="0" covered="1"/>
                </method>                 
                <method name="GETSCREENDPIX" desc="">
                    <counter type="METHOD" missed="0" covered="1"/>
                </method>                 
                <method name="GETSCREENDPIY" desc="">
                    <counter type="METHOD" missed="0" covered="1"/>
                </method>                 
                <method name="GETUNIQUETEMPFILENAME" desc="">
                    <counter type="METHOD" missed="0" covered="1"/>
                </method>                 
                <method name="OK" desc="">
                    <counter type="METHOD" missed="0" covered="1"/>
                </method>                 
                <method name="SETUP" desc="">
                    <counter type="METHOD" missed="0" covered="1"/>
                </method>                 
                <method name="SETUPRELEASE" desc="">
                    <counter type="METHOD" missed="0" covered="1"/>
                </method>                 
                <counter type="METHOD" missed="2" covered="9"/>
                </class>
                             
            <class name="pdfiumviewer">                     
                <method name="AFTERVIEWPORTUPDATE" desc="">
                    <counter type="METHOD" missed="1" covered="0"/>
                </method>                 
                <method name="BACKCOLOR_ASSIGN" desc="">
                    <counter type="METHOD" missed="1" covered="0"/>
                </method>                 
                <method name="CLOSEPDF" desc="">
                    <counter type="METHOD" missed="0" covered="1"/>
                </method>                 
                <method name="CONTEXTMENU" desc="">
                    <counter type="METHOD" missed="1" covered="0"/>
                </method>                 
                <method name="DRAWBUFCREATE" desc="">
                    <counter type="METHOD" missed="0" covered="1"/>
                </method>                 
                <method name="DRAWBUFRELEASE" desc="">
                    <counter type="METHOD" missed="0" covered="1"/>
                </method>                 
                <method name="ERRMSG" desc="">
                    <counter type="METHOD" missed="1" covered="0"/>
                </method>                 
                <method name="FITWIDTH_ASSIGN" desc="">
                    <counter type="METHOD" missed="0" covered="1"/>
                </method>                 
                <method name="GETCURRENTPAGE" desc="">
                    <counter type="METHOD" missed="1" covered="0"/>
                </method>                 
                <method name="GETPAGECOUNT" desc="">
                    <counter type="METHOD" missed="1" covered="0"/>
                </method>                 
                <method name="GETPAGESIZE" desc="">
                    <counter type="METHOD" missed="0" covered="1"/>
                </method>                 
                <method name="KEYPRESS" desc="">
                    <counter type="METHOD" missed="1" covered="0"/>
                </method>                 
                <method name="OPENPDF" desc="">
                    <counter type="METHOD" missed="0" covered="1"/>
                </method>                 
                <method name="PAGEPICK" desc="">
                    <counter type="METHOD" missed="1" covered="0"/>
                </method>                 
                <method name="PRINTDOCUMENT" desc="">
                    <counter type="METHOD" missed="1" covered="0"/>
                </method>                 
                <method name="PRINTENV_ACCESS" desc="">
                    <counter type="METHOD" missed="1" covered="0"/>
                </method>                 
                <method name="PRINTENV_ASSIGN" desc="">
                    <counter type="METHOD" missed="1" covered="0"/>
                </method>                 
                <method name="REDRAW" desc="">
                    <counter type="METHOD" missed="0" covered="1"/>
                </method>                 
                <method name="RENDERPAGES" desc="">
                    <counter type="METHOD" missed="0" covered="1"/>
                </method>                 
                <method name="RENDERSEARCH" desc="">
                    <counter type="METHOD" missed="0" covered="1"/>
                </method>                 
                <method name="RENDERSELECTION" desc="">
                    <counter type="METHOD" missed="0" covered="1"/>
                </method>                 
                <method name="SAVEDOCUMENT" desc="">
                    <counter type="METHOD" missed="1" covered="0"/>
                </method>                 
                <method name="SCALE_ASSIGN" desc="">
                    <counter type="METHOD" missed="0" covered="1"/>
                </method>                 
                <method name="SCROLLBARS_ASSIGN" desc="">
                    <counter type="METHOD" missed="0" covered="1"/>
                </method>                 
                <method name="SCROLLHORZ" desc="">
                    <counter type="METHOD" missed="1" covered="0"/>
                </method>                 
                <method name="SCROLLVERT" desc="">
                    <counter type="METHOD" missed="1" covered="0"/>
                </method>                 
                <method name="SEARCHCLOSE" desc="">
                    <counter type="METHOD" missed="0" covered="1"/>
                </method>                 
                <method name="SEARCHTEXT" desc="">
                    <counter type="METHOD" missed="1" covered="0"/>
                </method>                 
                <method name="SELECTIONCOPY" desc="">
                    <counter type="METHOD" missed="0" covered="1"/>
                </method>                 
                <method name="SELECTTEXT" desc="">
                    <counter type="METHOD" missed="0" covered="1"/>
                </method>                 
                <method name="SELECTTEXTALL" desc="">
                    <counter type="METHOD" missed="0" covered="1"/>
                </method>                 
                <method name="VIEWPORTUPDATE" desc="">
                    <counter type="METHOD" missed="0" covered="1"/>
                </method>                 
                <method name="WNDCREATE" desc="">
                    <counter type="METHOD" missed="0" covered="1"/>
                </method>                 
                <method name="WNDPROC" desc="">
                    <counter type="METHOD" missed="0" covered="1"/>
                </method>                 
                <method name="WNDREDRAW" desc="">
                    <counter type="METHOD" missed="0" covered="1"/>
                </method>                 
                <method name="WNDRELEASE" desc="">
                    <counter type="METHOD" missed="0" covered="1"/>
                </method>                 
                <method name="WNDRESIZE" desc="">
                    <counter type="METHOD" missed="0" covered="1"/>
                </method>                 
                <method name="WNDSHOW" desc="">
                    <counter type="METHOD" missed="0" covered="1"/>
                </method>                 
                <counter type="METHOD" missed="15" covered="23"/>
                </class>
                             
            <class name="pdfiumreport">                     
                <method name="BATCHBEGIN" desc="">
                    <counter type="METHOD" missed="1" covered="0"/>
                </method>                 
                <method name="BATCHEND" desc="">
                    <counter type="METHOD" missed="1" covered="0"/>
                </method>                 
                <method name="CLOSEPDF" desc="">
                    <counter type="METHOD" missed="0" covered="1"/>
                </method>                 
                <method name="CREATEPDF" desc="">
                    <counter type="METHOD" missed="0" covered="1"/>
                </method>                 
                <method name="ERRLOGSHOW" desc="">
                    <counter type="METHOD" missed="0" covered="1"/>
                </method>                 
                <method name="ERRMSG" desc="">
                    <counter type="METHOD" missed="1" covered="0"/>
                </method>                 
                <method name="FINALIZE" desc="">
                    <counter type="METHOD" missed="0" covered="1"/>
                </method>                 
                <method name="GETFONTGDI" desc="">
                    <counter type="METHOD" missed="0" covered="1"/>
                </method>                 
                <method name="GETFONTPDF" desc="">
                    <counter type="METHOD" missed="0" covered="1"/>
                </method>                 
                <method name="MEASURESTRING" desc="">
                    <counter type="METHOD" missed="0" covered="1"/>
                </method>                 
                <method name="PRINTENVDEFAULT_ACCESS" desc="">
                    <counter type="METHOD" missed="0" covered="1"/>
                </method>                 
                <method name="PRINTENVDEFAULT_ASSIGN" desc="">
                    <counter type="METHOD" missed="1" covered="0"/>
                </method>                 
                <method name="PRINTENV_ACCESS" desc="">
                    <counter type="METHOD" missed="0" covered="1"/>
                </method>                 
                <method name="PRINTENV_ASSIGN" desc="">
                    <counter type="METHOD" missed="1" covered="0"/>
                </method>                 
                <method name="RENDER_FRXDYNAMICS" desc="">
                    <counter type="METHOD" missed="0" covered="1"/>
                </method>                 
                <method name="RENDER_FRXFIELD" desc="">
                    <counter type="METHOD" missed="0" covered="1"/>
                </method>                 
                <method name="RENDER_FRXHEADER" desc="">
                    <counter type="METHOD" missed="0" covered="1"/>
                </method>                 
                <method name="RENDER_FRXLABEL" desc="">
                    <counter type="METHOD" missed="0" covered="1"/>
                </method>                 
                <method name="RENDER_FRXLINE" desc="">
                    <counter type="METHOD" missed="0" covered="1"/>
                </method>                 
                <method name="RENDER_FRXPICTURE" desc="">
                    <counter type="METHOD" missed="0" covered="1"/>
                </method>                 
                <method name="RENDER_FRXRECTANGLE" desc="">
                    <counter type="METHOD" missed="0" covered="1"/>
                </method>                 
                <method name="RENDER_TEXT" desc="">
                    <counter type="METHOD" missed="0" covered="1"/>
                </method>                 
                <method name="RENDER_TEXTASIMAGE" desc="">
                    <counter type="METHOD" missed="0" covered="1"/>
                </method>                 
                <method name="SAVEAS_PDFMETA_ACCESS" desc="">
                    <counter type="METHOD" missed="0" covered="1"/>
                </method>                 
                <method name="SAVEAS_PDFMETA_ASSIGN" desc="">
                    <counter type="METHOD" missed="1" covered="0"/>
                </method>                 
                <counter type="METHOD" missed="6" covered="19"/>
                </class>
                             
            <class name="pdfium_uistate">                     
                <method name="GETEFFECTIVELYENABLED" desc="">
                    <counter type="METHOD" missed="1" covered="0"/>
                </method>                 
                <method name="GETEFFECTIVELYVISIBLE" desc="">
                    <counter type="METHOD" missed="0" covered="1"/>
                </method>                 
                <method name="GETISPAGEFRAME" desc="">
                    <counter type="METHOD" missed="0" covered="1"/>
                </method>                 
                <method name="OBJTOCLIENT" desc="">
                    <counter type="METHOD" missed="0" covered="1"/>
                </method>                 
                <method name="ONENABLED" desc="">
                    <counter type="METHOD" missed="1" covered="0"/>
                </method>                 
                <method name="ONVISIBLE" desc="">
                    <counter type="METHOD" missed="1" covered="0"/>
                </method>                 
                <method name="SETSTATE" desc="">
                    <counter type="METHOD" missed="0" covered="1"/>
                </method>                 
                <method name="_ONACTIVATE" desc="">
                    <counter type="METHOD" missed="1" covered="0"/>
                </method>                 
                <method name="_ONDEACTIVATE" desc="">
                    <counter type="METHOD" missed="1" covered="0"/>
                </method>                 
                <method name="_ONENABLED" desc="">
                    <counter type="METHOD" missed="1" covered="0"/>
                </method>                 
                <method name="_ONVISIBLE" desc="">
                    <counter type="METHOD" missed="1" covered="0"/>
                </method>                 
                <counter type="METHOD" missed="7" covered="4"/>
                </class>
                             
            <class name="pdfium_i18n">                     
                <method name="GETLOCALEID" desc="">
                    <counter type="METHOD" missed="1" covered="0"/>
                </method>                 
                <method name="TEXT" desc="">
                    <counter type="METHOD" missed="1" covered="0"/>
                </method>                 
                <method name="TEXT_CN" desc="">
                    <counter type="METHOD" missed="1" covered="0"/>
                </method>                 
                <method name="TEXT_DE" desc="">
                    <counter type="METHOD" missed="1" covered="0"/>
                </method>                 
                <method name="TEXT_EN" desc="">
                    <counter type="METHOD" missed="1" covered="0"/>
                </method>                 
                <method name="TEXT_ES" desc="">
                    <counter type="METHOD" missed="1" covered="0"/>
                </method>                 
                <method name="TEXT_FR" desc="">
                    <counter type="METHOD" missed="1" covered="0"/>
                </method>                 
                <method name="TEXT_RU" desc="">
                    <counter type="METHOD" missed="1" covered="0"/>
                </method>                 
                <counter type="METHOD" missed="8" covered="0"/>
                </class>
                             
            <counter type="METHOD" missed="119" covered="167"/>
        </package>         
        <counter type="METHOD" missed="119" covered="167"/>
    </report>