<?xml version="1.0" encoding="UTF-8" standalone="yes"?>
<!DOCTYPE report PUBLIC "-//JACOCO//DTD Report 1.0//EN" "report.dtd">
    <report name="report">
        <sessioninfo id="_75E0V6OU3" start="1743517936572" dump="1743517961000"/>         
        <package name="PDFIUM-VFP/SOURCE/PDFIUM-VFP.VCX">             
            <class name="pdfiumviewer_cmdfocus">                     
                <method name="THIS_ACCESS" desc="">
                    <counter type="METHOD" missed="1" covered="0"/>
                </method>                 
                <counter type="METHOD" missed="1" covered="0"/>
                </class>
                             
            <class name="pdfium_pdfmeta">                     
                <counter type="METHOD" missed="0" covered="0"/>
                </class>
                             
            <class name="pdfium_password_input">                     
                <counter type="METHOD" missed="0" covered="0"/>
                </class>
                             
            <class name="pdfium_textbox">                     
                <method name="CONTEXTMENU" desc="">
                    <counter type="METHOD" missed="1" covered="0"/>
                </method>                 
                <method name="SELECTALL" desc="">
                    <counter type="METHOD" missed="1" covered="0"/>
                </method>                 
                <counter type="METHOD" missed="2" covered="0"/>
                </class>
                             
            <class name="pdfium_print_settings">                     
                <method name="CANCEL" desc="">
                    <counter type="METHOD" missed="1" covered="0"/>
                </method>                 
                <method name="PAPERSIZEREQUERY" desc="">
                    <counter type="METHOD" missed="1" covered="0"/>
                </method>                 
                <method name="SETUP" desc="">
                    <counter type="METHOD" missed="1" covered="0"/>
                </method>                 
                <counter type="METHOD" missed="3" covered="0"/>
                </class>
                             
            <class name="pdfium_printer_selection">                     
                <method name="CANCEL" desc="">
                    <counter type="METHOD" missed="1" covered="0"/>
                </method>                 
                <method name="SETUP" desc="">
                    <counter type="METHOD" missed="1" covered="0"/>
                </method>                 
                <counter type="METHOD" missed="2" covered="0"/>
                </class>
                             
            <class name="pdfium_print_env">                     
                <method name="FOXDEFAULTPRINTER_GET" desc="">
                    <counter type="METHOD" missed="0" covered="1"/>
                </method>                 
                <method name="FOXDEFAULTPRINTER_RESTORE" desc="">
                    <counter type="METHOD" missed="1" covered="0"/>
                </method>                 
                <method name="FOXDEFAULTPRINTER_SET" desc="">
                    <counter type="METHOD" missed="1" covered="0"/>
                </method>                 
                <method name="GETPRINTERDEVMODE" desc="">
                    <counter type="METHOD" missed="1" covered="0"/>
                </method>                 
                <method name="GETPRINTERDUPLEX" desc="">
                    <counter type="METHOD" missed="1" covered="0"/>
                </method>                 
                <method name="GETPRINTERFORMS" desc="">
                    <counter type="METHOD" missed="1" covered="0"/>
                </method>                 
                <method name="GETPRINTERTITLE" desc="">
                    <counter type="METHOD" missed="0" covered="1"/>
                </method>                 
                <method name="PAGELIST_PARSE" desc="">
                    <counter type="METHOD" missed="1" covered="0"/>
                </method>                 
                <method name="SETUP" desc="">
                    <counter type="METHOD" missed="0" covered="1"/>
                </method>                 
                <method name="SETUPDEFAULT" desc="">
                    <counter type="METHOD" missed="1" covered="0"/>
                </method>                 
                <method name="STATELEN" desc="">
                    <counter type="METHOD" missed="1" covered="0"/>
                </method>                 
                <method name="STATEPOP" desc="">
                    <counter type="METHOD" missed="1" covered="0"/>
                </method>                 
                <method name="STATEPUSH" desc="">
                    <counter type="METHOD" missed="1" covered="0"/>
                </method>                 
                <method name="SYSDEFAULTPRINTER_GET" desc="">
                    <counter type="METHOD" missed="1" covered="0"/>
                </method>                 
                <method name="SYSDEFAULTPRINTER_RESTORE" desc="">
                    <counter type="METHOD" missed="1" covered="0"/>
                </method>                 
                <method name="SYSDEFAULTPRINTER_SET" desc="">
                    <counter type="METHOD" missed="1" covered="0"/>
                </method>                 
                <counter type="METHOD" missed="13" covered="3"/>
                </class>
                             
            <class name="pdfium_api_frx">                     
                <counter type="METHOD" missed="0" covered="0"/>
                </class>
                             
            <class name="pdfium_api_fpdf_const">                     
                <method name="FPDFBITMAP_BGR" desc="">
                    <counter type="METHOD" missed="0" covered="1"/>
                </method>                 
                <method name="FPDFBITMAP_BGRA" desc="">
                    <counter type="METHOD" missed="0" covered="1"/>
                </method>                 
                <method name="FPDFBITMAP_BGRX" desc="">
                    <counter type="METHOD" missed="1" covered="0"/>
                </method>                 
                <method name="FPDFBITMAP_GRAY" desc="">
                    <counter type="METHOD" missed="1" covered="0"/>
                </method>                 
                <method name="FPDFBITMAP_UNKNOWN" desc="">
                    <counter type="METHOD" missed="1" covered="0"/>
                </method>                 
                <method name="FPDF_ERR_PASSWORD" desc="">
                    <counter type="METHOD" missed="1" covered="0"/>
                </method>                 
                <method name="FPDF_FILLMODE_ALTERNATE" desc="">
                    <counter type="METHOD" missed="0" covered="1"/>
                </method>                 
                <method name="FPDF_FILLMODE_NONE" desc="">
                    <counter type="METHOD" missed="0" covered="1"/>
                </method>                 
                <method name="FPDF_FILLMODE_WINDING" desc="">
                    <counter type="METHOD" missed="1" covered="0"/>
                </method>                 
                <method name="FPDF_FONT_TRUETYPE" desc="">
                    <counter type="METHOD" missed="0" covered="1"/>
                </method>                 
                <method name="FPDF_FONT_TYPE1" desc="">
                    <counter type="METHOD" missed="1" covered="0"/>
                </method>                 
                <method name="FPDF_PAGEOBJ_FORM" desc="">
                    <counter type="METHOD" missed="1" covered="0"/>
                </method>                 
                <method name="FPDF_PAGEOBJ_IMAGE" desc="">
                    <counter type="METHOD" missed="1" covered="0"/>
                </method>                 
                <method name="FPDF_PAGEOBJ_PATH" desc="">
                    <counter type="METHOD" missed="1" covered="0"/>
                </method>                 
                <method name="FPDF_PAGEOBJ_SHADING" desc="">
                    <counter type="METHOD" missed="1" covered="0"/>
                </method>                 
                <method name="FPDF_PAGEOBJ_TEXT" desc="">
                    <counter type="METHOD" missed="1" covered="0"/>
                </method>                 
                <method name="FPDF_PAGEOBJ_UNKNOWN" desc="">
                    <counter type="METHOD" missed="1" covered="0"/>
                </method>                 
                <method name="FPDF_PRINTING" desc="">
                    <counter type="METHOD" missed="1" covered="0"/>
                </method>                 
                <method name="FPDF_TEXTRENDERMODE_FILL" desc="">
                    <counter type="METHOD" missed="0" covered="1"/>
                </method>                 
                <method name="FPDF_TEXTRENDERMODE_FILL_STROKE" desc="">
                    <counter type="METHOD" missed="1" covered="0"/>
                </method>                 
                <method name="FPDF_TEXTRENDERMODE_STROKE" desc="">
                    <counter type="METHOD" missed="1" covered="0"/>
                </method>                 
                <method name="FPDF_TEXTRENDERMODE_UNKNOWN" desc="">
                    <counter type="METHOD" missed="1" covered="0"/>
                </method>                 
                <counter type="METHOD" missed="16" covered="6"/>
                </class>
                             
            <class name="pdfium_api_gdip_const">                     
                <method name="GDIP_FONTSTYLEBOLD" desc="">
                    <counter type="METHOD" missed="0" covered="1"/>
                </method>                 
                <method name="GDIP_FONTSTYLEITALIC" desc="">
                    <counter type="METHOD" missed="0" covered="1"/>
                </method>                 
                <method name="GDIP_FONTSTYLEREGULAR" desc="">
                    <counter type="METHOD" missed="1" covered="0"/>
                </method>                 
                <method name="GDIP_FONTSTYLESTRIKEOUT" desc="">
                    <counter type="METHOD" missed="0" covered="1"/>
                </method>                 
                <method name="GDIP_FONTSTYLEUNDERLINE" desc="">
                    <counter type="METHOD" missed="0" covered="1"/>
                </method>                 
                <method name="GDIP_IMAGELOCKMODEREAD" desc="">
                    <counter type="METHOD" missed="0" covered="1"/>
                </method>                 
                <method name="GDIP_IMAGELOCKMODEUSERINPUTBUF" desc="">
                    <counter type="METHOD" missed="1" covered="0"/>
                </method>                 
                <method name="GDIP_IMAGELOCKMODEWRITE" desc="">
                    <counter type="METHOD" missed="1" covered="0"/>
                </method>                 
                <method name="GDIP_PIXELFORMAT32BPPARGB" desc="">
                    <counter type="METHOD" missed="0" covered="1"/>
                </method>                 
                <method name="GDIP_STRINGALIGNMENTCENTER" desc="">
                    <counter type="METHOD" missed="0" covered="1"/>
                </method>                 
                <method name="GDIP_STRINGALIGNMENTFAR" desc="">
                    <counter type="METHOD" missed="0" covered="1"/>
                </method>                 
                <method name="GDIP_STRINGALIGNMENTNEAR" desc="">
                    <counter type="METHOD" missed="0" covered="1"/>
                </method>                 
                <method name="GDIP_STRINGFORMATFLAGSLINELIMIT" desc="">
                    <counter type="METHOD" missed="0" covered="1"/>
                </method>                 
                <method name="GDIP_STRINGTRIMMINGCHARACTER" desc="">
                    <counter type="METHOD" missed="0" covered="1"/>
                </method>                 
                <method name="GDIP_STRINGTRIMMINGELLIPSISCHARACTER" desc="">
                    <counter type="METHOD" missed="1" covered="0"/>
                </method>                 
                <method name="GDIP_STRINGTRIMMINGELLIPSISPATH" desc="">
                    <counter type="METHOD" missed="1" covered="0"/>
                </method>                 
                <method name="GDIP_STRINGTRIMMINGELLIPSISWORD" desc="">
                    <counter type="METHOD" missed="1" covered="0"/>
                </method>                 
                <method name="GDIP_STRINGTRIMMINGNONE" desc="">
                    <counter type="METHOD" missed="0" covered="1"/>
                </method>                 
                <method name="GDIP_STRINGTRIMMINGWORD" desc="">
                    <counter type="METHOD" missed="1" covered="0"/>
                </method>                 
                <method name="GDIP_UNITPOINT" desc="">
                    <counter type="METHOD" missed="0" covered="1"/>
                </method>                 
                <counter type="METHOD" missed="7" covered="13"/>
                </class>
                             
            <class name="pdfium_uistate">                     
                <method name="GETEFFECTIVELYENABLED" desc="">
                    <counter type="METHOD" missed="1" covered="0"/>
                </method>                 
                <method name="GETEFFECTIVELYVISIBLE" desc="">
                    <counter type="METHOD" missed="0" covered="1"/>
                </method>                 
                <method name="GETISPAGEFRAME" desc="">
                    <counter type="METHOD" missed="0" covered="1"/>
                </method>                 
                <method name="OBJTOCLIENT" desc="">
                    <counter type="METHOD" missed="0" covered="1"/>
                </method>                 
                <method name="ONENABLED" desc="">
                    <counter type="METHOD" missed="1" covered="0"/>
                </method>                 
                <method name="ONVISIBLE" desc="">
                    <counter type="METHOD" missed="1" covered="0"/>
                </method>                 
                <method name="SETSTATE" desc="">
                    <counter type="METHOD" missed="0" covered="1"/>
                </method>                 
                <method name="_ONACTIVATE" desc="">
                    <counter type="METHOD" missed="1" covered="0"/>
                </method>                 
                <method name="_ONDEACTIVATE" desc="">
                    <counter type="METHOD" missed="1" covered="0"/>
                </method>                 
                <method name="_ONENABLED" desc="">
                    <counter type="METHOD" missed="1" covered="0"/>
                </method>                 
                <method name="_ONVISIBLE" desc="">
                    <counter type="METHOD" missed="1" covered="0"/>
                </method>                 
                <counter type="METHOD" missed="7" covered="4"/>
                </class>
                             
            <class name="pdfiumreport_repfont">                     
                <counter type="METHOD" missed="0" covered="0"/>
                </class>
                             
            <class name="pdfium_api_frx_const">                     
                <method name="ALIGN_CENTER" desc="">
                    <counter type="METHOD" missed="0" covered="1"/>
                </method>                 
                <method name="ALIGN_LEFT" desc="">
                    <counter type="METHOD" missed="0" covered="1"/>
                </method>                 
                <method name="ALIGN_RIGHT" desc="">
                    <counter type="METHOD" missed="0" covered="1"/>
                </method>                 
                <method name="FRX_OBJ_COMMENT" desc="">
                    <counter type="METHOD" missed="1" covered="0"/>
                </method>                 
                <method name="FRX_OBJ_FIELD" desc="">
                    <counter type="METHOD" missed="0" covered="1"/>
                </method>                 
                <method name="FRX_OBJ_LABEL" desc="">
                    <counter type="METHOD" missed="0" covered="1"/>
                </method>                 
                <method name="FRX_OBJ_LINE" desc="">
                    <counter type="METHOD" missed="0" covered="1"/>
                </method>                 
                <method name="FRX_OBJ_PICTURE" desc="">
                    <counter type="METHOD" missed="0" covered="1"/>
                </method>                 
                <method name="FRX_OBJ_RECTANGLE" desc="">
                    <counter type="METHOD" missed="0" covered="1"/>
                </method>                 
                <method name="FRX_OBJ_VARIABLE" desc="">
                    <counter type="METHOD" missed="1" covered="0"/>
                </method>                 
                <method name="OUTPUTTO_FILE" desc="">
                    <counter type="METHOD" missed="0" covered="1"/>
                </method>                 
                <method name="OUTPUTTO_PRINTER" desc="">
                    <counter type="METHOD" missed="0" covered="1"/>
                </method>                 
                <counter type="METHOD" missed="2" covered="10"/>
                </class>
                             
            <class name="pdfium_api_fpdf">                     
                <method name="FPDFBITMAP_CREATE" desc="">
                    <counter type="METHOD" missed="0" covered="1"/>
                </method>                 
                <method name="FPDFBITMAP_CREATEEX" desc="">
                    <counter type="METHOD" missed="0" covered="1"/>
                </method>                 
                <method name="FPDFBITMAP_DESTROY" desc="">
                    <counter type="METHOD" missed="0" covered="1"/>
                </method>                 
                <method name="FPDFBITMAP_FILLRECT" desc="">
                    <counter type="METHOD" missed="1" covered="0"/>
                </method>                 
                <method name="FPDFBITMAP_GETBUFFER" desc="">
                    <counter type="METHOD" missed="1" covered="0"/>
                </method>                 
                <method name="FPDFBITMAP_GETFORMAT" desc="">
                    <counter type="METHOD" missed="1" covered="0"/>
                </method>                 
                <method name="FPDFBITMAP_GETHEIGHT" desc="">
                    <counter type="METHOD" missed="1" covered="0"/>
                </method>                 
                <method name="FPDFBITMAP_GETSTRIDE" desc="">
                    <counter type="METHOD" missed="1" covered="0"/>
                </method>                 
                <method name="FPDFBITMAP_GETWIDTH" desc="">
                    <counter type="METHOD" missed="1" covered="0"/>
                </method>                 
                <method name="FPDFFONT_CLOSE" desc="">
                    <counter type="METHOD" missed="0" covered="1"/>
                </method>                 
                <method name="FPDFFONT_GETFAMILYNAME" desc="">
                    <counter type="METHOD" missed="1" covered="0"/>
                </method>                 
                <method name="FPDFFONT_GETFLAGS" desc="">
                    <counter type="METHOD" missed="1" covered="0"/>
                </method>                 
                <method name="FPDFFONT_GETWEIGHT" desc="">
                    <counter type="METHOD" missed="1" covered="0"/>
                </method>                 
                <method name="FPDFIMAGEOBJ_SETBITMAP" desc="">
                    <counter type="METHOD" missed="0" covered="1"/>
                </method>                 
                <method name="FPDFPAGEOBJ_CREATENEWPATH" desc="">
                    <counter type="METHOD" missed="0" covered="1"/>
                </method>                 
                <method name="FPDFPAGEOBJ_CREATENEWRECT" desc="">
                    <counter type="METHOD" missed="0" covered="1"/>
                </method>                 
                <method name="FPDFPAGEOBJ_CREATETEXTOBJ" desc="">
                    <counter type="METHOD" missed="0" covered="1"/>
                </method>                 
                <method name="FPDFPAGEOBJ_DESTROY" desc="">
                    <counter type="METHOD" missed="1" covered="0"/>
                </method>                 
                <method name="FPDFPAGEOBJ_GETBOUNDS" desc="">
                    <counter type="METHOD" missed="1" covered="0"/>
                </method>                 
                <method name="FPDFPAGEOBJ_GETMATRIX" desc="">
                    <counter type="METHOD" missed="1" covered="0"/>
                </method>                 
                <method name="FPDFPAGEOBJ_GETTYPE" desc="">
                    <counter type="METHOD" missed="1" covered="0"/>
                </method>                 
                <method name="FPDFPAGEOBJ_NEWIMAGEOBJ" desc="">
                    <counter type="METHOD" missed="0" covered="1"/>
                </method>                 
                <method name="FPDFPAGEOBJ_SETDASHARRAY" desc="">
                    <counter type="METHOD" missed="0" covered="1"/>
                </method>                 
                <method name="FPDFPAGEOBJ_SETFILLCOLOR" desc="">
                    <counter type="METHOD" missed="0" covered="1"/>
                </method>                 
                <method name="FPDFPAGEOBJ_SETSTROKECOLOR" desc="">
                    <counter type="METHOD" missed="0" covered="1"/>
                </method>                 
                <method name="FPDFPAGEOBJ_SETSTROKEWIDTH" desc="">
                    <counter type="METHOD" missed="0" covered="1"/>
                </method>                 
                <method name="FPDFPAGEOBJ_TRANSFORM" desc="">
                    <counter type="METHOD" missed="0" covered="1"/>
                </method>                 
                <method name="FPDFPAGEOBJ_TRANSFORMF" desc="">
                    <counter type="METHOD" missed="0" covered="1"/>
                </method>                 
                <method name="FPDFPAGE_COUNTOBJECTS" desc="">
                    <counter type="METHOD" missed="1" covered="0"/>
                </method>                 
                <method name="FPDFPAGE_DELETE" desc="">
                    <counter type="METHOD" missed="0" covered="1"/>
                </method>                 
                <method name="FPDFPAGE_GENERATECONTENT" desc="">
                    <counter type="METHOD" missed="0" covered="1"/>
                </method>                 
                <method name="FPDFPAGE_GETOBJECT" desc="">
                    <counter type="METHOD" missed="1" covered="0"/>
                </method>                 
                <method name="FPDFPAGE_INSERTOBJECT" desc="">
                    <counter type="METHOD" missed="0" covered="1"/>
                </method>                 
                <method name="FPDFPAGE_NEW" desc="">
                    <counter type="METHOD" missed="0" covered="1"/>
                </method>                 
                <method name="FPDFPAGE_REMOVEOBJECT" desc="">
                    <counter type="METHOD" missed="1" covered="0"/>
                </method>                 
                <method name="FPDFPATH_BEZIERTO" desc="">
                    <counter type="METHOD" missed="0" covered="1"/>
                </method>                 
                <method name="FPDFPATH_LINETO" desc="">
                    <counter type="METHOD" missed="0" covered="1"/>
                </method>                 
                <method name="FPDFPATH_MOVETO" desc="">
                    <counter type="METHOD" missed="0" covered="1"/>
                </method>                 
                <method name="FPDFPATH_SETDRAWMODE" desc="">
                    <counter type="METHOD" missed="0" covered="1"/>
                </method>                 
                <method name="FPDFTEXTOBJ_GETFONT" desc="">
                    <counter type="METHOD" missed="1" covered="0"/>
                </method>                 
                <method name="FPDFTEXTOBJ_GETFONTSIZE" desc="">
                    <counter type="METHOD" missed="1" covered="0"/>
                </method>                 
                <method name="FPDFTEXTOBJ_GETTEXT" desc="">
                    <counter type="METHOD" missed="1" covered="0"/>
                </method>                 
                <method name="FPDFTEXTOBJ_SETTEXTRENDERMODE" desc="">
                    <counter type="METHOD" missed="0" covered="1"/>
                </method>                 
                <method name="FPDFTEXT_CLOSEPAGE" desc="">
                    <counter type="METHOD" missed="0" covered="1"/>
                </method>                 
                <method name="FPDFTEXT_COUNTCHARS" desc="">
                    <counter type="METHOD" missed="0" covered="1"/>
                </method>                 
                <method name="FPDFTEXT_COUNTRECTS" desc="">
                    <counter type="METHOD" missed="0" covered="1"/>
                </method>                 
                <method name="FPDFTEXT_GETCHARINDEXATPOS" desc="">
                    <counter type="METHOD" missed="1" covered="0"/>
                </method>                 
                <method name="FPDFTEXT_GETRECT" desc="">
                    <counter type="METHOD" missed="0" covered="1"/>
                </method>                 
                <method name="FPDFTEXT_GETTEXT" desc="">
                    <counter type="METHOD" missed="0" covered="1"/>
                </method>                 
                <method name="FPDFTEXT_GETUNICODE" desc="">
                    <counter type="METHOD" missed="1" covered="0"/>
                </method>                 
                <method name="FPDFTEXT_LOADFONT" desc="">
                    <counter type="METHOD" missed="0" covered="1"/>
                </method>                 
                <method name="FPDFTEXT_LOADPAGE" desc="">
                    <counter type="METHOD" missed="0" covered="1"/>
                </method>                 
                <method name="FPDFTEXT_LOADSTANDARDFONT" desc="">
                    <counter type="METHOD" missed="1" covered="0"/>
                </method>                 
                <method name="FPDFTEXT_SETTEXT" desc="">
                    <counter type="METHOD" missed="0" covered="1"/>
                </method>                 
                <method name="FPDF_CLOSEDOCUMENT" desc="">
                    <counter type="METHOD" missed="0" covered="1"/>
                </method>                 
                <method name="FPDF_CLOSEPAGE" desc="">
                    <counter type="METHOD" missed="0" covered="1"/>
                </method>                 
                <method name="FPDF_CREATENEWDOCUMENT" desc="">
                    <counter type="METHOD" missed="1" covered="0"/>
                </method>                 
                <method name="FPDF_DESTROYLIBRARY" desc="">
                    <counter type="METHOD" missed="0" covered="1"/>
                </method>                 
                <method name="FPDF_DEVICETOPAGE" desc="">
                    <counter type="METHOD" missed="1" covered="0"/>
                </method>                 
                <method name="FPDF_GETLASTERROR" desc="">
                    <counter type="METHOD" missed="0" covered="1"/>
                </method>                 
                <method name="FPDF_GETPAGECOUNT" desc="">
                    <counter type="METHOD" missed="0" covered="1"/>
                </method>                 
                <method name="FPDF_GETPAGEHEIGHT" desc="">
                    <counter type="METHOD" missed="0" covered="1"/>
                </method>                 
                <method name="FPDF_GETPAGESIZEBYINDEX" desc="">
                    <counter type="METHOD" missed="1" covered="0"/>
                </method>                 
                <method name="FPDF_GETPAGEWIDTH" desc="">
                    <counter type="METHOD" missed="0" covered="1"/>
                </method>                 
                <method name="FPDF_IMPORTPAGES" desc="">
                    <counter type="METHOD" missed="1" covered="0"/>
                </method>                 
                <method name="FPDF_INITLIBRARYWITHCONFIG" desc="">
                    <counter type="METHOD" missed="0" covered="1"/>
                </method>                 
                <method name="FPDF_LOADDOCUMENT" desc="">
                    <counter type="METHOD" missed="0" covered="1"/>
                </method>                 
                <method name="FPDF_LOADMEMDOCUMENT" desc="">
                    <counter type="METHOD" missed="0" covered="1"/>
                </method>                 
                <method name="FPDF_LOADPAGE" desc="">
                    <counter type="METHOD" missed="0" covered="1"/>
                </method>                 
                <method name="FPDF_PAGETODEVICE" desc="">
                    <counter type="METHOD" missed="0" covered="1"/>
                </method>                 
                <method name="FPDF_RENDERPAGE" desc="">
                    <counter type="METHOD" missed="0" covered="1"/>
                </method>                 
                <method name="PDFIUM_VFP_DLL_PATH_ACCESS" desc="">
                    <counter type="METHOD" missed="0" covered="1"/>
                </method>                 
                <method name="VFPDF_ADDFILETOZIPINPUT" desc="">
                    <counter type="METHOD" missed="1" covered="0"/>
                </method>                 
                <method name="VFPDF_CREATEFONTSUBSET" desc="">
                    <counter type="METHOD" missed="0" covered="1"/>
                </method>                 
                <method name="VFPDF_CREATEZIP" desc="">
                    <counter type="METHOD" missed="1" covered="0"/>
                </method>                 
                <method name="VFPDF_CREATEZIPINPUT" desc="">
                    <counter type="METHOD" missed="1" covered="0"/>
                </method>                 
                <method name="VFPDF_DESTROYFONTSUBSET" desc="">
                    <counter type="METHOD" missed="0" covered="1"/>
                </method>                 
                <method name="VFPDF_DESTROYZIP" desc="">
                    <counter type="METHOD" missed="1" covered="0"/>
                </method>                 
                <method name="VFPDF_DESTROYZIPINPUT" desc="">
                    <counter type="METHOD" missed="1" covered="0"/>
                </method>                 
                <method name="VFPDF_GETFONTFILENAME" desc="">
                    <counter type="METHOD" missed="0" covered="1"/>
                </method>                 
                <method name="VFPDF_SAVEDOCUMENT" desc="">
                    <counter type="METHOD" missed="0" covered="1"/>
                </method>                 
                <counter type="METHOD" missed="31" covered="50"/>
                </class>
                             
            <class name="pdfiumreport_renderer_base">                     
                <method name="BEGIN" desc="">
                    <counter type="METHOD" missed="1" covered="0"/>
                </method>                 
                <method name="FINALIZE" desc="">
                    <counter type="METHOD" missed="1" covered="0"/>
                </method>                 
                <method name="GETFILEEXTENSION" desc="">
                    <counter type="METHOD" missed="1" covered="0"/>
                </method>                 
                <method name="RENDER" desc="">
                    <counter type="METHOD" missed="1" covered="0"/>
                </method>                 
                <counter type="METHOD" missed="4" covered="0"/>
                </class>
                             
            <class name="pdfium_api_win">                     
                <method name="BCRYPTCLOSEALGORITHMPROVIDER" desc="">
                    <counter type="METHOD" missed="0" covered="1"/>
                </method>                 
                <method name="BCRYPTCREATEHASH" desc="">
                    <counter type="METHOD" missed="0" covered="1"/>
                </method>                 
                <method name="BCRYPTDESTROYHASH" desc="">
                    <counter type="METHOD" missed="0" covered="1"/>
                </method>                 
                <method name="BCRYPTDESTROYKEY" desc="">
                    <counter type="METHOD" missed="1" covered="0"/>
                </method>                 
                <method name="BCRYPTENCRYPT" desc="">
                    <counter type="METHOD" missed="1" covered="0"/>
                </method>                 
                <method name="BCRYPTFINISHHASH" desc="">
                    <counter type="METHOD" missed="0" covered="1"/>
                </method>                 
                <method name="BCRYPTGENERATESYMMETRICKEY" desc="">
                    <counter type="METHOD" missed="1" covered="0"/>
                </method>                 
                <method name="BCRYPTGETPROPERTY" desc="">
                    <counter type="METHOD" missed="0" covered="1"/>
                </method>                 
                <method name="BCRYPTHASHDATA" desc="">
                    <counter type="METHOD" missed="0" covered="1"/>
                </method>                 
                <method name="BCRYPTOPENALGORITHMPROVIDER" desc="">
                    <counter type="METHOD" missed="0" covered="1"/>
                </method>                 
                <method name="BEGINPAINT" desc="">
                    <counter type="METHOD" missed="0" covered="1"/>
                </method>                 
                <method name="BITBLT" desc="">
                    <counter type="METHOD" missed="0" covered="1"/>
                </method>                 
                <method name="CALLWINDOWPROC" desc="">
                    <counter type="METHOD" missed="1" covered="0"/>
                </method>                 
                <method name="CLOSECLIPBOARD" desc="">
                    <counter type="METHOD" missed="0" covered="1"/>
                </method>                 
                <method name="CLOSEPRINTER" desc="">
                    <counter type="METHOD" missed="1" covered="0"/>
                </method>                 
                <method name="CREATECOMPATIBLEDC" desc="">
                    <counter type="METHOD" missed="0" covered="1"/>
                </method>                 
                <method name="CREATEDC" desc="">
                    <counter type="METHOD" missed="0" covered="1"/>
                </method>                 
                <method name="CREATEDIBSECTION" desc="">
                    <counter type="METHOD" missed="0" covered="1"/>
                </method>                 
                <method name="CREATEWINDOWEX" desc="">
                    <counter type="METHOD" missed="0" covered="1"/>
                </method>                 
                <method name="DELETEDC" desc="">
                    <counter type="METHOD" missed="0" covered="1"/>
                </method>                 
                <method name="DELETEOBJECT" desc="">
                    <counter type="METHOD" missed="0" covered="1"/>
                </method>                 
                <method name="DESTROYWINDOW" desc="">
                    <counter type="METHOD" missed="0" covered="1"/>
                </method>                 
                <method name="DEVICECAPABILITIES" desc="">
                    <counter type="METHOD" missed="1" covered="0"/>
                </method>                 
                <method name="DOCUMENTPROPERTIES" desc="">
                    <counter type="METHOD" missed="1" covered="0"/>
                </method>                 
                <method name="EMPTYCLIPBOARD" desc="">
                    <counter type="METHOD" missed="0" covered="1"/>
                </method>                 
                <method name="ENDDOC" desc="">
                    <counter type="METHOD" missed="1" covered="0"/>
                </method>                 
                <method name="ENDPAGE" desc="">
                    <counter type="METHOD" missed="1" covered="0"/>
                </method>                 
                <method name="ENDPAINT" desc="">
                    <counter type="METHOD" missed="0" covered="1"/>
                </method>                 
                <method name="ENUMFORMS" desc="">
                    <counter type="METHOD" missed="1" covered="0"/>
                </method>                 
                <method name="FINDNLSSTRING" desc="">
                    <counter type="METHOD" missed="1" covered="0"/>
                </method>                 
                <method name="GETCLASSINFOEX" desc="">
                    <counter type="METHOD" missed="0" covered="1"/>
                </method>                 
                <method name="GETCLIPBOARDDATA" desc="">
                    <counter type="METHOD" missed="1" covered="0"/>
                </method>                 
                <method name="GETDC" desc="">
                    <counter type="METHOD" missed="0" covered="1"/>
                </method>                 
                <method name="GETDEFAULTPRINTER" desc="">
                    <counter type="METHOD" missed="1" covered="0"/>
                </method>                 
                <method name="GETDEVICECAPS" desc="">
                    <counter type="METHOD" missed="0" covered="1"/>
                </method>                 
                <method name="GETKEYSTATE" desc="">
                    <counter type="METHOD" missed="1" covered="0"/>
                </method>                 
                <method name="GETMODULEHANDLE" desc="">
                    <counter type="METHOD" missed="0" covered="1"/>
                </method>                 
                <method name="GETOPENCLIPBOARDWINDOW" desc="">
                    <counter type="METHOD" missed="1" covered="0"/>
                </method>                 
                <method name="GETSAVEFILENAMEA" desc="">
                    <counter type="METHOD" missed="1" covered="0"/>
                </method>                 
                <method name="GETSCROLLINFO" desc="">
                    <counter type="METHOD" missed="1" covered="0"/>
                </method>                 
                <method name="GETSYSTEMDEFAULTLCID" desc="">
                    <counter type="METHOD" missed="0" covered="1"/>
                </method>                 
                <method name="GETTICKCOUNT" desc="">
                    <counter type="METHOD" missed="1" covered="0"/>
                </method>                 
                <method name="GETWINDOW" desc="">
                    <counter type="METHOD" missed="0" covered="1"/>
                </method>                 
                <method name="GETWINDOWLONG" desc="">
                    <counter type="METHOD" missed="0" covered="1"/>
                </method>                 
                <method name="GLOBALALLOC" desc="">
                    <counter type="METHOD" missed="0" covered="1"/>
                </method>                 
                <method name="GLOBALFREE" desc="">
                    <counter type="METHOD" missed="0" covered="1"/>
                </method>                 
                <method name="GLOBALLOCK" desc="">
                    <counter type="METHOD" missed="0" covered="1"/>
                </method>                 
                <method name="GLOBALUNLOCK" desc="">
                    <counter type="METHOD" missed="0" covered="1"/>
                </method>                 
                <method name="HEAPALLOC" desc="">
                    <counter type="METHOD" missed="0" covered="1"/>
                </method>                 
                <method name="HEAPCREATE" desc="">
                    <counter type="METHOD" missed="0" covered="1"/>
                </method>                 
                <method name="HEAPDESTROY" desc="">
                    <counter type="METHOD" missed="0" covered="1"/>
                </method>                 
                <method name="HEAPFREE" desc="">
                    <counter type="METHOD" missed="0" covered="1"/>
                </method>                 
                <method name="INVALIDATERECT" desc="">
                    <counter type="METHOD" missed="0" covered="1"/>
                </method>                 
                <method name="ISCLIPBOARDFORMATAVAILABLE" desc="">
                    <counter type="METHOD" missed="1" covered="0"/>
                </method>                 
                <method name="MOVEWINDOW" desc="">
                    <counter type="METHOD" missed="0" covered="1"/>
                </method>                 
                <method name="OPENCLIPBOARD" desc="">
                    <counter type="METHOD" missed="0" covered="1"/>
                </method>                 
                <method name="OPENPRINTER" desc="">
                    <counter type="METHOD" missed="1" covered="0"/>
                </method>                 
                <method name="REGISTERCLASSEX" desc="">
                    <counter type="METHOD" missed="0" covered="1"/>
                </method>                 
                <method name="RELEASEDC" desc="">
                    <counter type="METHOD" missed="0" covered="1"/>
                </method>                 
                <method name="SELECTOBJECT" desc="">
                    <counter type="METHOD" missed="0" covered="1"/>
                </method>                 
                <method name="SETCLIPBOARDDATA" desc="">
                    <counter type="METHOD" missed="0" covered="1"/>
                </method>                 
                <method name="SETDEFAULTPRINTER" desc="">
                    <counter type="METHOD" missed="1" covered="0"/>
                </method>                 
                <method name="SETSCROLLINFO" desc="">
                    <counter type="METHOD" missed="0" covered="1"/>
                </method>                 
                <method name="SHELLEXECUTE" desc="">
                    <counter type="METHOD" missed="1" covered="0"/>
                </method>                 
                <method name="SHOWWINDOW" desc="">
                    <counter type="METHOD" missed="0" covered="1"/>
                </method>                 
                <method name="STARTDOC" desc="">
                    <counter type="METHOD" missed="1" covered="0"/>
                </method>                 
                <method name="STARTPAGE" desc="">
                    <counter type="METHOD" missed="1" covered="0"/>
                </method>                 
                <method name="UUIDCREATE" desc="">
                    <counter type="METHOD" missed="0" covered="1"/>
                </method>                 
                <counter type="METHOD" missed="24" covered="44"/>
                </class>
                             
            <class name="pdfiumreport_renderer_docx">                     
                <method name="BEGIN" desc="">
                    <counter type="METHOD" missed="1" covered="0"/>
                </method>                 
                <method name="FINALIZE" desc="">
                    <counter type="METHOD" missed="1" covered="0"/>
                </method>                 
                <method name="GETFILEEXTENSION" desc="">
                    <counter type="METHOD" missed="1" covered="0"/>
                </method>                 
                <method name="GETFONT" desc="">
                    <counter type="METHOD" missed="1" covered="0"/>
                </method>                 
                <method name="RENDER" desc="">
                    <counter type="METHOD" missed="1" covered="0"/>
                </method>                 
                <method name="RENDER_FRXFIELD" desc="">
                    <counter type="METHOD" missed="1" covered="0"/>
                </method>                 
                <method name="RENDER_FRXLABEL" desc="">
                    <counter type="METHOD" missed="1" covered="0"/>
                </method>                 
                <method name="RENDER_FRXLINE" desc="">
                    <counter type="METHOD" missed="1" covered="0"/>
                </method>                 
                <method name="RENDER_FRXPICTURE" desc="">
                    <counter type="METHOD" missed="1" covered="0"/>
                </method>                 
                <method name="RENDER_FRXRECTANGLE" desc="">
                    <counter type="METHOD" missed="1" covered="0"/>
                </method>                 
                <method name="RENDER_TEXT" desc="">
                    <counter type="METHOD" missed="1" covered="0"/>
                </method>                 
                <method name="WRITE_CONTENT_TYPES" desc="">
                    <counter type="METHOD" missed="1" covered="0"/>
                </method>                 
                <method name="WRITE_DOCPROPS" desc="">
                    <counter type="METHOD" missed="1" covered="0"/>
                </method>                 
                <method name="WRITE_DOCUMENT" desc="">
                    <counter type="METHOD" missed="1" covered="0"/>
                </method>                 
                <method name="WRITE_FONTTABLE" desc="">
                    <counter type="METHOD" missed="1" covered="0"/>
                </method>                 
                <method name="WRITE_RELS" desc="">
                    <counter type="METHOD" missed="1" covered="0"/>
                </method>                 
                <method name="WRITE_SETTINGS" desc="">
                    <counter type="METHOD" missed="1" covered="0"/>
                </method>                 
                <method name="WRITE_STYLES" desc="">
                    <counter type="METHOD" missed="1" covered="0"/>
                </method>                 
                <method name="XMLESCAPE" desc="">
                    <counter type="METHOD" missed="1" covered="0"/>
                </method>                 
                <counter type="METHOD" missed="19" covered="0"/>
                </class>
                             
            <class name="pdfiumreport_renderer_pdf">                     
                <method name="BEGIN" desc="">
                    <counter type="METHOD" missed="0" covered="1"/>
                </method>                 
                <method name="CLOSEPDF" desc="">
                    <counter type="METHOD" missed="0" covered="1"/>
                </method>                 
                <method name="CREATEPDF" desc="">
                    <counter type="METHOD" missed="0" covered="1"/>
                </method>                 
                <method name="ENCRYPT" desc="">
                    <counter type="METHOD" missed="1" covered="0"/>
                </method>                 
                <method name="FINALIZE" desc="">
                    <counter type="METHOD" missed="0" covered="1"/>
                </method>                 
                <method name="GETFILEEXTENSION" desc="">
                    <counter type="METHOD" missed="1" covered="0"/>
                </method>                 
                <method name="GETFONTPDF" desc="">
                    <counter type="METHOD" missed="0" covered="1"/>
                </method>                 
                <method name="HASH_MD5" desc="">
                    <counter type="METHOD" missed="0" covered="1"/>
                </method>                 
                <method name="RENDER" desc="">
                    <counter type="METHOD" missed="0" covered="1"/>
                </method>                 
                <method name="RENDER_FRXFIELD" desc="">
                    <counter type="METHOD" missed="0" covered="1"/>
                </method>                 
                <method name="RENDER_FRXLABEL" desc="">
                    <counter type="METHOD" missed="0" covered="1"/>
                </method>                 
                <method name="RENDER_FRXLINE" desc="">
                    <counter type="METHOD" missed="0" covered="1"/>
                </method>                 
                <method name="RENDER_FRXPICTURE" desc="">
                    <counter type="METHOD" missed="0" covered="1"/>
                </method>                 
                <method name="RENDER_FRXRECTANGLE" desc="">
                    <counter type="METHOD" missed="0" covered="1"/>
                </method>                 
                <method name="RENDER_TEXT" desc="">
                    <counter type="METHOD" missed="0" covered="1"/>
                </method>                 
                <method name="RENDER_TEXTASIMAGE" desc="">
                    <counter type="METHOD" missed="1" covered="0"/>
                </method>                 
                <counter type="METHOD" missed="3" covered="13"/>
                </class>
                             
            <class name="pdfium_api_gdip">                     
                <method name="ARGB" desc="">
                    <counter type="METHOD" missed="0" covered="1"/>
                </method>                 
                <method name="CHECKERROR" desc="">
                    <counter type="METHOD" missed="0" covered="1"/>
                </method>                 
                <method name="GDIPBITMAPLOCKBITS" desc="">
                    <counter type="METHOD" missed="0" covered="1"/>
                </method>                 
                <method name="GDIPBITMAPSETRESOLUTION" desc="">
                    <counter type="METHOD" missed="1" covered="0"/>
                </method>                 
                <method name="GDIPBITMAPUNLOCKBITS" desc="">
                    <counter type="METHOD" missed="0" covered="1"/>
                </method>                 
                <method name="GDIPCLONEFONTFAMILY" desc="">
                    <counter type="METHOD" missed="1" covered="0"/>
                </method>                 
                <method name="GDIPCLONESTRINGFORMAT" desc="">
                    <counter type="METHOD" missed="1" covered="0"/>
                </method>                 
                <method name="GDIPCREATEBITMAPFROMFILE" desc="">
                    <counter type="METHOD" missed="0" covered="1"/>
                </method>                 
                <method name="GDIPCREATEBITMAPFROMHBITMAP" desc="">
                    <counter type="METHOD" missed="1" covered="0"/>
                </method>                 
                <method name="GDIPCREATEBITMAPFROMSCAN0" desc="">
                    <counter type="METHOD" missed="0" covered="1"/>
                </method>                 
                <method name="GDIPCREATEFONT" desc="">
                    <counter type="METHOD" missed="0" covered="1"/>
                </method>                 
                <method name="GDIPCREATEFONTFAMILYFROMNAME" desc="">
                    <counter type="METHOD" missed="0" covered="1"/>
                </method>                 
                <method name="GDIPCREATEFROMHDC" desc="">
                    <counter type="METHOD" missed="0" covered="1"/>
                </method>                 
                <method name="GDIPCREATEFROMHWND" desc="">
                    <counter type="METHOD" missed="0" covered="1"/>
                </method>                 
                <method name="GDIPCREATESOLIDFILL" desc="">
                    <counter type="METHOD" missed="0" covered="1"/>
                </method>                 
                <method name="GDIPCREATESTRINGFORMAT" desc="">
                    <counter type="METHOD" missed="1" covered="0"/>
                </method>                 
                <method name="GDIPDELETEBRUSH" desc="">
                    <counter type="METHOD" missed="0" covered="1"/>
                </method>                 
                <method name="GDIPDELETEFONT" desc="">
                    <counter type="METHOD" missed="0" covered="1"/>
                </method>                 
                <method name="GDIPDELETEFONTFAMILY" desc="">
                    <counter type="METHOD" missed="0" covered="1"/>
                </method>                 
                <method name="GDIPDELETEGRAPHICS" desc="">
                    <counter type="METHOD" missed="0" covered="1"/>
                </method>                 
                <method name="GDIPDELETEPRIVATEFONTCOLLECTION" desc="">
                    <counter type="METHOD" missed="0" covered="1"/>
                </method>                 
                <method name="GDIPDELETESTRINGFORMAT" desc="">
                    <counter type="METHOD" missed="0" covered="1"/>
                </method>                 
                <method name="GDIPDISPOSEIMAGE" desc="">
                    <counter type="METHOD" missed="0" covered="1"/>
                </method>                 
                <method name="GDIPDRAWIMAGEI" desc="">
                    <counter type="METHOD" missed="0" covered="1"/>
                </method>                 
                <method name="GDIPDRAWSTRING" desc="">
                    <counter type="METHOD" missed="1" covered="0"/>
                </method>                 
                <method name="GDIPFILLRECTANGLEI" desc="">
                    <counter type="METHOD" missed="0" covered="1"/>
                </method>                 
                <method name="GDIPFLUSH" desc="">
                    <counter type="METHOD" missed="0" covered="1"/>
                </method>                 
                <method name="GDIPGETCELLASCENT" desc="">
                    <counter type="METHOD" missed="0" covered="1"/>
                </method>                 
                <method name="GDIPGETCELLDESCENT" desc="">
                    <counter type="METHOD" missed="0" covered="1"/>
                </method>                 
                <method name="GDIPGETDPIX" desc="">
                    <counter type="METHOD" missed="0" covered="1"/>
                </method>                 
                <method name="GDIPGETDPIY" desc="">
                    <counter type="METHOD" missed="0" covered="1"/>
                </method>                 
                <method name="GDIPGETEMHEIGHT" desc="">
                    <counter type="METHOD" missed="0" covered="1"/>
                </method>                 
                <method name="GDIPGETFAMILYNAME" desc="">
                    <counter type="METHOD" missed="0" covered="1"/>
                </method>                 
                <method name="GDIPGETFONTCOLLECTIONFAMILYCOUNT" desc="">
                    <counter type="METHOD" missed="1" covered="0"/>
                </method>                 
                <method name="GDIPGETFONTCOLLECTIONFAMILYLIST" desc="">
                    <counter type="METHOD" missed="1" covered="0"/>
                </method>                 
                <method name="GDIPGETFONTHEIGHTGIVENDPI" desc="">
                    <counter type="METHOD" missed="0" covered="1"/>
                </method>                 
                <method name="GDIPGETGENERICFONTFAMILYSANSSERIF" desc="">
                    <counter type="METHOD" missed="1" covered="0"/>
                </method>                 
                <method name="GDIPGETIMAGEENCODER" desc="">
                    <counter type="METHOD" missed="0" covered="1"/>
                </method>                 
                <method name="GDIPGETIMAGEENCODERS" desc="">
                    <counter type="METHOD" missed="0" covered="1"/>
                </method>                 
                <method name="GDIPGETIMAGEENCODERSSIZE" desc="">
                    <counter type="METHOD" missed="0" covered="1"/>
                </method>                 
                <method name="GDIPGETIMAGEGRAPHICSCONTEXT" desc="">
                    <counter type="METHOD" missed="0" covered="1"/>
                </method>                 
                <method name="GDIPGETIMAGEHEIGHT" desc="">
                    <counter type="METHOD" missed="0" covered="1"/>
                </method>                 
                <method name="GDIPGETIMAGEPIXELFORMAT" desc="">
                    <counter type="METHOD" missed="0" covered="1"/>
                </method>                 
                <method name="GDIPGETIMAGEWIDTH" desc="">
                    <counter type="METHOD" missed="0" covered="1"/>
                </method>                 
                <method name="GDIPGETLINESPACING" desc="">
                    <counter type="METHOD" missed="0" covered="1"/>
                </method>                 
                <method name="GDIPISSTYLEAVAILABLE" desc="">
                    <counter type="METHOD" missed="0" covered="1"/>
                </method>                 
                <method name="GDIPMEASURESTRING" desc="">
                    <counter type="METHOD" missed="0" covered="1"/>
                </method>                 
                <method name="GDIPNEWPRIVATEFONTCOLLECTION" desc="">
                    <counter type="METHOD" missed="0" covered="1"/>
                </method>                 
                <method name="GDIPPRIVATEADDFONTFILE" desc="">
                    <counter type="METHOD" missed="0" covered="1"/>
                </method>                 
                <method name="GDIPSAVEIMAGETOFILE" desc="">
                    <counter type="METHOD" missed="0" covered="1"/>
                </method>                 
                <method name="GDIPSCALEWORLDTRANSFORM" desc="">
                    <counter type="METHOD" missed="1" covered="0"/>
                </method>                 
                <method name="GDIPSETCOMPOSITINGMODE" desc="">
                    <counter type="METHOD" missed="1" covered="0"/>
                </method>                 
                <method name="GDIPSETCOMPOSITINGQUALITY" desc="">
                    <counter type="METHOD" missed="1" covered="0"/>
                </method>                 
                <method name="GDIPSETINTERPOLATIONMODE" desc="">
                    <counter type="METHOD" missed="1" covered="0"/>
                </method>                 
                <method name="GDIPSETPIXELOFFSETMODE" desc="">
                    <counter type="METHOD" missed="1" covered="0"/>
                </method>                 
                <method name="GDIPSETSOLIDFILLCOLOR" desc="">
                    <counter type="METHOD" missed="1" covered="0"/>
                </method>                 
                <method name="GDIPSETSTRINGFORMATALIGN" desc="">
                    <counter type="METHOD" missed="0" covered="1"/>
                </method>                 
                <method name="GDIPSETSTRINGFORMATFLAGS" desc="">
                    <counter type="METHOD" missed="0" covered="1"/>
                </method>                 
                <method name="GDIPSETSTRINGFORMATTRIMMING" desc="">
                    <counter type="METHOD" missed="0" covered="1"/>
                </method>                 
                <method name="GDIPSETTEXTCONTRAST" desc="">
                    <counter type="METHOD" missed="1" covered="0"/>
                </method>                 
                <method name="GDIPSETTEXTRENDERINGHINT" desc="">
                    <counter type="METHOD" missed="1" covered="0"/>
                </method>                 
                <method name="GDIPSTRINGFORMATGETGENERICDEFAULT" desc="">
                    <counter type="METHOD" missed="0" covered="1"/>
                </method>                 
                <method name="GDIPSTRINGFORMATGETGENERICTYPOGRAPHIC" desc="">
                    <counter type="METHOD" missed="0" covered="1"/>
                </method>                 
                <counter type="METHOD" missed="17" covered="46"/>
                </class>
                             
            <class name="pdfiumreport_repobj">                     
                <method name="MEASURESTRING" desc="">
                    <counter type="METHOD" missed="0" covered="1"/>
                </method>                 
                <method name="RENDER_TEXT" desc="">
                    <counter type="METHOD" missed="0" covered="1"/>
                </method>                 
                <method name="RENDER_TEXTASIMAGE" desc="">
                    <counter type="METHOD" missed="1" covered="0"/>
                </method>                 
                <counter type="METHOD" missed="1" covered="2"/>
                </class>
                             
            <class name="pdfium_env">                     
                <method name="ERRFMT" desc="">
                    <counter type="METHOD" missed="1" covered="0"/>
                </method>                 
                <method name="ERRMSG" desc="">
                    <counter type="METHOD" missed="1" covered="0"/>
                </method>                 
                <method name="FOXENV_RESTORE" desc="">
                    <counter type="METHOD" missed="0" covered="1"/>
                </method>                 
                <method name="FOXENV_SET" desc="">
                    <counter type="METHOD" missed="0" covered="1"/>
                </method>                 
                <method name="GETAPPNAME" desc="">
                    <counter type="METHOD" missed="1" covered="0"/>
                </method>                 
                <method name="GETPDFDPI" desc="">
                    <counter type="METHOD" missed="0" covered="1"/>
                </method>                 
                <method name="GETSAVEFILENAME" desc="">
                    <counter type="METHOD" missed="1" covered="0"/>
                </method>                 
                <method name="GETSCREENDPIX" desc="">
                    <counter type="METHOD" missed="0" covered="1"/>
                </method>                 
                <method name="GETSCREENDPIY" desc="">
                    <counter type="METHOD" missed="0" covered="1"/>
                </method>                 
                <method name="GETUNIQUETEMPCURSORNAME" desc="">
                    <counter type="METHOD" missed="0" covered="1"/>
                </method>                 
                <method name="GETUNIQUETEMPFILENAME" desc="">
                    <counter type="METHOD" missed="0" covered="1"/>
                </method>                 
                <method name="OK" desc="">
                    <counter type="METHOD" missed="0" covered="1"/>
                </method>                 
                <method name="SETUP" desc="">
                    <counter type="METHOD" missed="0" covered="1"/>
                </method>                 
                <method name="SETUPRELEASE" desc="">
                    <counter type="METHOD" missed="0" covered="1"/>
                </method>                 
                <counter type="METHOD" missed="4" covered="10"/>
                </class>
                             
            <class name="pdfiumreportviewer">                     
                <method name="CLOSE" desc="">
                    <counter type="METHOD" missed="1" covered="0"/>
                </method>                 
                <method name="EXPORTDOCUMENT" desc="">
                    <counter type="METHOD" missed="1" covered="0"/>
                </method>                 
                <method name="OPENPDF" desc="">
                    <counter type="METHOD" missed="1" covered="0"/>
                </method>                 
                <method name="PRINTREPORT" desc="">
                    <counter type="METHOD" missed="1" covered="0"/>
                </method>                 
                <method name="SAVEDOCUMENT" desc="">
                    <counter type="METHOD" missed="1" covered="0"/>
                </method>                 
                <method name="SCALECHANGED" desc="">
                    <counter type="METHOD" missed="1" covered="0"/>
                </method>                 
                <method name="SETREPORT" desc="">
                    <counter type="METHOD" missed="1" covered="0"/>
                </method>                 
                <counter type="METHOD" missed="7" covered="0"/>
                </class>
                             
            <class name="pdfiumviewer">                     
                <method name="AFTERVIEWPORTUPDATE" desc="">
                    <counter type="METHOD" missed="1" covered="0"/>
                </method>                 
                <method name="BACKCOLOR_ASSIGN" desc="">
                    <counter type="METHOD" missed="1" covered="0"/>
                </method>                 
                <method name="CLOSEPDF" desc="">
                    <counter type="METHOD" missed="0" covered="1"/>
                </method>                 
                <method name="CONTEXTMENU" desc="">
                    <counter type="METHOD" missed="1" covered="0"/>
                </method>                 
                <method name="DRAWBUFCREATE" desc="">
                    <counter type="METHOD" missed="0" covered="1"/>
                </method>                 
                <method name="DRAWBUFRELEASE" desc="">
                    <counter type="METHOD" missed="0" covered="1"/>
                </method>                 
                <method name="ERRMSG" desc="">
                    <counter type="METHOD" missed="1" covered="0"/>
                </method>                 
                <method name="FITWIDTH_ASSIGN" desc="">
                    <counter type="METHOD" missed="0" covered="1"/>
                </method>                 
                <method name="GETCURRENTPAGE" desc="">
                    <counter type="METHOD" missed="1" covered="0"/>
                </method>                 
                <method name="GETPAGECOUNT" desc="">
                    <counter type="METHOD" missed="1" covered="0"/>
                </method>                 
                <method name="GETPAGESIZE" desc="">
                    <counter type="METHOD" missed="0" covered="1"/>
                </method>                 
                <method name="KEYPRESS" desc="">
                    <counter type="METHOD" missed="1" covered="0"/>
                </method>                 
                <method name="OPENPDF" desc="">
                    <counter type="METHOD" missed="0" covered="1"/>
                </method>                 
                <method name="PAGEPICK" desc="">
                    <counter type="METHOD" missed="1" covered="0"/>
                </method>                 
                <method name="PRINTDOCUMENT" desc="">
                    <counter type="METHOD" missed="1" covered="0"/>
                </method>                 
                <method name="PRINTENV_ACCESS" desc="">
                    <counter type="METHOD" missed="1" covered="0"/>
                </method>                 
                <method name="PRINTENV_ASSIGN" desc="">
                    <counter type="METHOD" missed="1" covered="0"/>
                </method>                 
                <method name="REDRAW" desc="">
                    <counter type="METHOD" missed="0" covered="1"/>
                </method>                 
                <method name="RENDERPAGES" desc="">
                    <counter type="METHOD" missed="0" covered="1"/>
                </method>                 
                <method name="RENDERSEARCH" desc="">
                    <counter type="METHOD" missed="0" covered="1"/>
                </method>                 
                <method name="RENDERSELECTION" desc="">
                    <counter type="METHOD" missed="0" covered="1"/>
                </method>                 
                <method name="SAVEDOCUMENT" desc="">
                    <counter type="METHOD" missed="1" covered="0"/>
                </method>                 
                <method name="SCALE_ASSIGN" desc="">
                    <counter type="METHOD" missed="0" covered="1"/>
                </method>                 
                <method name="SCROLLBARS_ASSIGN" desc="">
                    <counter type="METHOD" missed="0" covered="1"/>
                </method>                 
                <method name="SCROLLHORZ" desc="">
                    <counter type="METHOD" missed="1" covered="0"/>
                </method>                 
                <method name="SCROLLVERT" desc="">
                    <counter type="METHOD" missed="1" covered="0"/>
                </method>                 
                <method name="SEARCHCLOSE" desc="">
                    <counter type="METHOD" missed="0" covered="1"/>
                </method>                 
                <method name="SEARCHTEXT" desc="">
                    <counter type="METHOD" missed="1" covered="0"/>
                </method>                 
                <method name="SELECTIONCOPY" desc="">
                    <counter type="METHOD" missed="0" covered="1"/>
                </method>                 
                <method name="SELECTTEXT" desc="">
                    <counter type="METHOD" missed="0" covered="1"/>
                </method>                 
                <method name="SELECTTEXTALL" desc="">
                    <counter type="METHOD" missed="0" covered="1"/>
                </method>                 
                <method name="VIEWPORTUPDATE" desc="">
                    <counter type="METHOD" missed="0" covered="1"/>
                </method>                 
                <method name="WNDCREATE" desc="">
                    <counter type="METHOD" missed="0" covered="1"/>
                </method>                 
                <method name="WNDPROC" desc="">
                    <counter type="METHOD" missed="0" covered="1"/>
                </method>                 
                <method name="WNDREDRAW" desc="">
                    <counter type="METHOD" missed="0" covered="1"/>
                </method>                 
                <method name="WNDRELEASE" desc="">
                    <counter type="METHOD" missed="0" covered="1"/>
                </method>                 
                <method name="WNDRESIZE" desc="">
                    <counter type="METHOD" missed="0" covered="1"/>
                </method>                 
                <method name="WNDSHOW" desc="">
                    <counter type="METHOD" missed="0" covered="1"/>
                </method>                 
                <counter type="METHOD" missed="15" covered="23"/>
                </class>
                             
            <class name="pdfiumreport">                     
                <method name="BATCHBEGIN" desc="">
                    <counter type="METHOD" missed="1" covered="0"/>
                </method>                 
                <method name="BATCHEND" desc="">
                    <counter type="METHOD" missed="1" covered="0"/>
                </method>                 
                <method name="ERRLOGSHOW" desc="">
                    <counter type="METHOD" missed="1" covered="0"/>
                </method>                 
                <method name="ERRMSG" desc="">
                    <counter type="METHOD" missed="1" covered="0"/>
                </method>                 
                <method name="FINALIZE" desc="">
                    <counter type="METHOD" missed="0" covered="1"/>
                </method>                 
                <method name="FONTSRELEASE" desc="">
                    <counter type="METHOD" missed="0" covered="1"/>
                </method>                 
                <method name="GDIPPRIVATEFONTSLOAD" desc="">
                    <counter type="METHOD" missed="0" covered="1"/>
                </method>                 
                <method name="GDIPPRIVATEFONTSRELEASE" desc="">
                    <counter type="METHOD" missed="0" covered="1"/>
                </method>                 
                <method name="GETFONT" desc="">
                    <counter type="METHOD" missed="0" covered="1"/>
                </method>                 
                <method name="GETFONTSUBSET" desc="">
                    <counter type="METHOD" missed="0" covered="1"/>
                </method>                 
                <method name="GETRENDERER" desc="">
                    <counter type="METHOD" missed="1" covered="0"/>
                </method>                 
                <method name="PRINTENVDEFAULT_ACCESS" desc="">
                    <counter type="METHOD" missed="0" covered="1"/>
                </method>                 
                <method name="PRINTENVDEFAULT_ASSIGN" desc="">
                    <counter type="METHOD" missed="1" covered="0"/>
                </method>                 
                <method name="PRINTENV_ACCESS" desc="">
                    <counter type="METHOD" missed="0" covered="1"/>
                </method>                 
                <method name="PRINTENV_ASSIGN" desc="">
                    <counter type="METHOD" missed="1" covered="0"/>
                </method>                 
                <method name="PROCESS_FRXDYNAMICS" desc="">
                    <counter type="METHOD" missed="0" covered="1"/>
                </method>                 
                <method name="PROCESS_FRXHEADER" desc="">
                    <counter type="METHOD" missed="0" covered="1"/>
                </method>                 
                <method name="PROCESS_FRXPICTURE" desc="">
                    <counter type="METHOD" missed="0" covered="1"/>
                </method>                 
                <method name="RUNRENDERER" desc="">
                    <counter type="METHOD" missed="0" covered="1"/>
                </method>                 
                <method name="SAVEAS_PDFMETA_ACCESS" desc="">
                    <counter type="METHOD" missed="0" covered="1"/>
                </method>                 
                <method name="SAVEAS_PDFMETA_ASSIGN" desc="">
                    <counter type="METHOD" missed="1" covered="0"/>
                </method>                 
                <method name="SETRENDERER" desc="">
                    <counter type="METHOD" missed="1" covered="0"/>
                </method>                 
                <counter type="METHOD" missed="9" covered="13"/>
                </class>
                             
            <class name="pdfium_i18n">                     
                <method name="GETLOCALEID" desc="">
                    <counter type="METHOD" missed="1" covered="0"/>
                </method>                 
                <method name="TEXT" desc="">
                    <counter type="METHOD" missed="1" covered="0"/>
                </method>                 
                <method name="TEXT_CN" desc="">
                    <counter type="METHOD" missed="1" covered="0"/>
                </method>                 
                <method name="TEXT_DE" desc="">
                    <counter type="METHOD" missed="1" covered="0"/>
                </method>                 
                <method name="TEXT_EN" desc="">
                    <counter type="METHOD" missed="1" covered="0"/>
                </method>                 
                <method name="TEXT_ES" desc="">
                    <counter type="METHOD" missed="1" covered="0"/>
                </method>                 
                <method name="TEXT_FR" desc="">
                    <counter type="METHOD" missed="1" covered="0"/>
                </method>                 
                <method name="TEXT_RU" desc="">
                    <counter type="METHOD" missed="1" covered="0"/>
                </method>                 
                <counter type="METHOD" missed="8" covered="0"/>
                </class>
                             
            <counter type="METHOD" missed="195" covered="237"/>
        </package>         
        <counter type="METHOD" missed="195" covered="237"/>
    </report>